Log file open, 01/24/21 22:53:35
LogWindows: Failed to load 'aqProf.dll' (GetLastError=126)
LogWindows: File 'aqProf.dll' does not exist
LogWindows: Failed to load 'VSPerf140.dll' (GetLastError=126)
LogWindows: File 'VSPerf140.dll' does not exist
LogWindows: Failed to load 'VtuneApi.dll' (GetLastError=126)
LogWindows: File 'VtuneApi.dll' does not exist
LogWindows: Failed to load 'VtuneApi32e.dll' (GetLastError=126)
LogWindows: File 'VtuneApi32e.dll' does not exist
LogInit: Display: Running engine for game: BallRunner_SCieslak
LogPlatformFile: Not using cached read wrapper
LogTaskGraph: Started task graph with 5 named threads and 35 total threads with 3 sets of task threads.
LogStats: Stats thread started at 0.395759
LogD3D11RHI: Loaded GFSDK_Aftermath_Lib.x64.dll
LogICUInternationalization: Display: ICU TimeZone Detection - Raw Offset: +1:00, Platform Override: ''
LogPluginManager: Mounting plugin Paper2D
LogPluginManager: Mounting plugin AISupport
LogPluginManager: Mounting plugin LightPropagationVolume
LogPluginManager: Mounting plugin CLionSourceCodeAccess
LogPluginManager: Mounting plugin CodeLiteSourceCodeAccess
LogPluginManager: Mounting plugin GitSourceControl
LogPluginManager: Mounting plugin KDevelopSourceCodeAccess
LogPluginManager: Mounting plugin NullSourceCodeAccess
LogPluginManager: Mounting plugin PerforceSourceControl
LogPluginManager: Mounting plugin SubversionSourceControl
LogPluginManager: Mounting plugin UObjectPlugin
LogPluginManager: Mounting plugin VisualStudioCodeSourceCodeAccess
LogPluginManager: Mounting plugin VisualStudioSourceCodeAccess
LogPluginManager: Mounting plugin XCodeSourceCodeAccess
LogPluginManager: Mounting plugin AssetManagerEditor
LogPluginManager: Mounting plugin CryptoKeys
LogPluginManager: Mounting plugin DataValidation
LogPluginManager: Mounting plugin FacialAnimation
LogPluginManager: Mounting plugin GameplayTagsEditor
LogPluginManager: Mounting plugin MacGraphicsSwitching
LogPluginManager: Mounting plugin MeshEditor
LogPluginManager: Mounting plugin MobileLauncherProfileWizard
LogPluginManager: Mounting plugin PluginBrowser
LogPluginManager: Mounting plugin SpeedTreeImporter
LogPluginManager: Mounting plugin DatasmithContent
LogPluginManager: Mounting plugin AlembicImporter
LogPluginManager: Mounting plugin AppleImageUtils
LogPluginManager: Mounting plugin AppleVision
LogPluginManager: Mounting plugin BackChannel
LogPluginManager: Mounting plugin CharacterAI
LogPluginManager: Mounting plugin GeometryCache
LogPluginManager: Mounting plugin HTML5Networking
LogPluginManager: Mounting plugin ProxyLODPlugin
LogPluginManager: Mounting plugin MagicLeap
LogPluginManager: Mounting plugin MagicLeapEmulator
LogPluginManager: Mounting plugin MagicLeapMedia
LogPluginManager: Mounting plugin AndroidMedia
LogPluginManager: Mounting plugin AvfMedia
LogPluginManager: Mounting plugin ImgMedia
LogPluginManager: Mounting plugin LinearTimecode
LogPluginManager: Mounting plugin MediaCompositing
LogPluginManager: Mounting plugin MediaPlayerEditor
LogPluginManager: Mounting plugin WmfMedia
LogPluginManager: Mounting plugin TcpMessaging
LogPluginManager: Mounting plugin UdpMessaging
LogPluginManager: Mounting plugin ActorSequence
LogPluginManager: Mounting plugin LevelSequenceEditor
LogPluginManager: Mounting plugin MatineeToLevelSequence
LogPluginManager: Mounting plugin NetcodeUnitTest
LogPluginManager: Mounting plugin NUTUnrealEngine4
LogPluginManager: Mounting plugin OnlineSubsystemGooglePlay
LogPluginManager: Mounting plugin OnlineSubsystemIOS
LogPluginManager: Mounting plugin OnlineSubsystem
LogPluginManager: Mounting plugin OnlineSubsystemNull
LogPluginManager: Mounting plugin OnlineSubsystemUtils
LogPluginManager: Mounting plugin LauncherChunkInstaller
LogPluginManager: Mounting plugin AndroidDeviceProfileSelector
LogPluginManager: Mounting plugin AndroidMoviePlayer
LogPluginManager: Mounting plugin AndroidPermission
LogPluginManager: Mounting plugin AppleMoviePlayer
LogPluginManager: Mounting plugin ArchVisCharacter
LogPluginManager: Mounting plugin AudioCapture
LogPluginManager: Mounting plugin CableComponent
LogPluginManager: Mounting plugin CustomMeshComponent
LogPluginManager: Mounting plugin EditableMesh
LogPluginManager: Mounting plugin ExampleDeviceProfileSelector
LogPluginManager: Mounting plugin GoogleCloudMessaging
LogPluginManager: Mounting plugin ImmediatePhysics
LogPluginManager: Mounting plugin IOSDeviceProfileSelector
LogPluginManager: Mounting plugin LinuxDeviceProfileSelector
LogPluginManager: Mounting plugin LocationServicesBPLibrary
LogPluginManager: Mounting plugin MobilePatchingUtils
LogPluginManager: Mounting plugin OculusVR
LogPluginManager: Plugin shader directory ../../../Engine/Plugins/Runtime/Oculus/OculusVR/Shaders found
LogPluginManager: Mapping shader source directory ../../../Engine/Plugins/Runtime/Oculus/OculusVR/Shaders to virtual directory /Plugin/OculusVR
LogPluginManager: Mounting plugin PhysXVehicles
LogPluginManager: Mounting plugin ProceduralMeshComponent
LogPluginManager: Mounting plugin RuntimePhysXCooking
LogPluginManager: Mounting plugin SteamVR
LogPluginManager: Mounting plugin WindowsMoviePlayer
LogStreaming: Display: Took  0.115s to configure plugins.
LogInit: Using libcurl 7.55.1-DEV
LogInit:  - built for x86_64-pc-win32
LogInit:  - supports SSL with OpenSSL/1.0.2h
LogInit:  - supports HTTP deflate (compression) using libz 1.2.8
LogInit:  - other features:
LogInit:      CURL_VERSION_SSL
LogInit:      CURL_VERSION_LIBZ
LogInit:      CURL_VERSION_IPV6
LogInit:      CURL_VERSION_ASYNCHDNS
LogInit:      CURL_VERSION_LARGEFILE
LogInit:      CURL_VERSION_IDN
LogInit:  CurlRequestOptions (configurable via config and command line):
LogInit:  - bVerifyPeer = false  - Libcurl will NOT verify peer certificate
LogInit:  - bUseHttpProxy = false  - Libcurl will NOT use HTTP proxy
LogInit:  - bDontReuseConnections = false  - Libcurl will reuse connections
LogInit:  - CertBundlePath = nullptr  - Libcurl will use whatever was configured at build time.
LogInit:  - MaxHostConnections = 16  - Libcurl will limit the number of connections to a host
LogInit:  - LocalHostAddr = Default
LogInit:  - BufferSize = 65536
LogInit: WinSock: version 1.1 (2.2), MaxSocks=32767, MaxUdp=65467
LogInit: Build: ++UE4+Release-4.20-CL-4369336
LogInit: Engine Version: 4.20.3-4369336+++UE4+Release-4.20
LogInit: Compatible Engine Version: 4.20.0-4212847+++UE4+Release-4.20
LogInit: Net CL: 4212847
LogInit: OS: Windows 10 (), CPU: Intel(R) Core(TM) i7-8700 CPU @ 3.20GHz, GPU: Radeon RX 570 Series
LogInit: Compiled (64-bit): Sep 17 2018 12:26:19
LogInit: Compiled with Visual C++: 19.13.26129.00
LogInit: Build Configuration: Development
LogInit: Branch Name: ++UE4+Release-4.20
LogInit: Command Line: -EpicPortal  -epicusername="JadeAnarchy499" -epicuserid=9e13dbad834d4bfca7f72d246972f56b -epiclocale=pl
LogInit: Base Directory: C:/Program Files/Epic Games/UE_4.20/Engine/Binaries/Win64/
LogInit: Installed Engine Build: 1
LogDevObjectVersion: Number of dev versions registered: 20
LogDevObjectVersion:   Dev-Blueprints (B0D832E4-1F89-4F0D-ACCF-7EB736FD4AA2): 10
LogDevObjectVersion:   Dev-Build (E1C64328-A22C-4D53-A36C-8E866417BD8C): 0
LogDevObjectVersion:   Dev-Core (375EC13C-06E4-48FB-B500-84F0262A717E): 2
LogDevObjectVersion:   Dev-Editor (E4B068ED-F494-42E9-A231-DA0B2E46BB41): 24
LogDevObjectVersion:   Dev-Framework (CFFC743F-43B0-4480-9391-14DF171D2073): 34
LogDevObjectVersion:   Dev-Mobile (B02B49B5-BB20-44E9-A304-32B752E40360): 2
LogDevObjectVersion:   Dev-Networking (A4E4105C-59A1-49B5-A7C5-40C4547EDFEE): 0
LogDevObjectVersion:   Dev-Online (39C831C9-5AE6-47DC-9A44-9C173E1C8E7C): 0
LogDevObjectVersion:   Dev-Physics (78F01B33-EBEA-4F98-B9B4-84EACCB95AA2): 0
LogDevObjectVersion:   Dev-Platform (6631380F-2D4D-43E0-8009-CF276956A95A): 0
LogDevObjectVersion:   Dev-Rendering (12F88B9F-8875-4AFC-A67C-D90C383ABD29): 26
LogDevObjectVersion:   Dev-Sequencer (7B5AE74C-D270-4C10-A958-57980B212A5A): 9
LogDevObjectVersion:   Dev-VR (D7296918-1DD6-4BDD-9DE2-64A83CC13884): 2
LogDevObjectVersion:   Dev-LoadTimes (C2A15278-BFE7-4AFE-6C17-90FF531DF755): 1
LogDevObjectVersion:   Private-Geometry (6EACA3D4-40EC-4CC1-B786-8BED09428FC5): 3
LogDevObjectVersion:   Dev-AnimPhys (29E575DD-E0A3-4627-9D10-D276232CDCEA): 17
LogDevObjectVersion:   Dev-ReflectionCapture (6B266CEC-1EC7-4B8F-A30B-E4D90942FC07): 1
LogDevObjectVersion:   Dev-Automation (0DF73D61-A23F-47EA-B727-89E90C41499A): 1
LogDevObjectVersion:   FortniteMain (601D1886-AC64-4F84-AA16-D3DE0DEAC7D6): 12
LogDevObjectVersion:   Dev-Enterprise (9DFFBCD6-494F-0158-E221-12823C92A888): 1
LogStreaming: Display: Took  0.001s to delete old logs.
LogInit: Presizing for max 8388607 objects, including 0 objects not considered by GC, pre-allocating 0 bytes for permanent pool.
LogInit: Object subsystem initialized
[2021.01.24-21.53.35:713][  0]LogInit: Selected Device Profile: [Windows]
[2021.01.24-21.53.35:713][  0]LogInit: Applying CVar settings loaded from the selected device profile: [Windows]
[2021.01.24-21.53.35:722][  0]LogHAL: Display: Platform has ~ 16 GB [17116282880 / 17179869184 / 16], which maps to Larger [LargestMinGB=32, LargerMinGB=12, DefaultMinGB=8, SmallerMinGB=6, SmallestMinGB=0)
[2021.01.24-21.53.35:722][  0]LogInit: Setting Device Profile CVar: [[r.Vulkan.UseRealUBs:1]]
[2021.01.24-21.53.35:722][  0]LogInit: Going up to parent DeviceProfile []
[2021.01.24-21.53.35:722][  0]LogInit: Computer: DESKTOP-JSL65M8
[2021.01.24-21.53.35:722][  0]LogInit: User: User
[2021.01.24-21.53.35:722][  0]LogInit: CPU Page size=4096, Cores=6
[2021.01.24-21.53.35:722][  0]LogInit: High frequency timer resolution =10.000000 MHz
[2021.01.24-21.53.35:723][  0]LogMemory: Memory total: Physical=15.9GB (16GB approx)
[2021.01.24-21.53.35:723][  0]LogMemory: Platform Memory Stats for Windows
[2021.01.24-21.53.35:723][  0]LogMemory: Process Physical Memory: 103.13 MB used, 103.13 MB peak
[2021.01.24-21.53.35:723][  0]LogMemory: Process Virtual Memory: 87.58 MB used, 87.58 MB peak
[2021.01.24-21.53.35:723][  0]LogMemory: Physical Memory: 7669.46 MB used,  8653.90 MB free, 16323.36 MB total
[2021.01.24-21.53.35:723][  0]LogMemory: Virtual Memory: 4637.63 MB used,  8653.90 MB free, 134217728.00 MB total
[2021.01.24-21.53.35:736][  0]LogInit: Using OS detected language (pl-PL).
[2021.01.24-21.53.35:736][  0]LogInit: Using OS detected locale (pl-PL).
[2021.01.24-21.53.35:737][  0]LogTextLocalizationManager: No specific localization for 'pl-PL' exists, so the 'pl' localization will be used.
[2021.01.24-21.53.35:738][  0]LogStreaming: Display: Took  0.002s to InitEngineTextLocalization.
[2021.01.24-21.53.35:738][  0]LogInit: Setting process to per monitor DPI aware
[2021.01.24-21.53.35:772][  0]LogSlate: New Slate User Created.  User Index 0, Is Virtual User: 0
[2021.01.24-21.53.35:772][  0]LogSlate: Slate User Registered.  User Index 0, Is Virtual User: 0
[2021.01.24-21.53.35:977][  0]LogHMD: Failed to initialize OpenVR with code 110
[2021.01.24-21.53.35:977][  0]LogD3D11RHI: D3D11 adapters:
[2021.01.24-21.53.36:016][  0]LogD3D11RHI:    0. 'Radeon RX 570 Series' (Feature Level 11_0)
[2021.01.24-21.53.36:016][  0]LogD3D11RHI:       8172/0/8161 MB DedicatedVideo/DedicatedSystem/SharedSystem, Outputs:2, VendorId:0x1002
[2021.01.24-21.53.36:018][  0]LogD3D11RHI:    1. 'Microsoft Basic Render Driver' (Feature Level 11_0)
[2021.01.24-21.53.36:018][  0]LogD3D11RHI:       0/0/8161 MB DedicatedVideo/DedicatedSystem/SharedSystem, Outputs:0, VendorId:0x1414
[2021.01.24-21.53.36:018][  0]LogD3D11RHI: Chosen D3D11 Adapter: 0
[2021.01.24-21.53.36:026][  0]LogD3D11RHI: Creating new Direct3DDevice
[2021.01.24-21.53.36:026][  0]LogD3D11RHI:     GPU DeviceId: 0x67df (for the marketing name, search the web for "GPU Device Id")
[2021.01.24-21.53.36:026][  0]LogWindows: EnumDisplayDevices:
[2021.01.24-21.53.36:026][  0]LogWindows:    0. 'Radeon RX 570 Series' (P:0 D:1)
[2021.01.24-21.53.36:027][  0]LogWindows:    1. 'Radeon RX 570 Series' (P:1 D:1)
[2021.01.24-21.53.36:027][  0]LogWindows:    2. 'Radeon RX 570 Series' (P:0 D:0)
[2021.01.24-21.53.36:028][  0]LogWindows:    3. 'Radeon RX 570 Series' (P:0 D:0)
[2021.01.24-21.53.36:028][  0]LogWindows:    4. 'Radeon RX 570 Series' (P:0 D:0)
[2021.01.24-21.53.36:029][  0]LogWindows:    5. 'Radeon RX 570 Series' (P:0 D:0)
[2021.01.24-21.53.36:029][  0]LogWindows:    6. 'Radeon RX 570 Series' (P:0 D:0)
[2021.01.24-21.53.36:030][  0]LogWindows:    7. 'Radeon RX 570 Series' (P:0 D:0)
[2021.01.24-21.53.36:030][  0]LogWindows: DebugString: FoundDriverCount:8 
[2021.01.24-21.53.36:030][  0]LogD3D11RHI:     Adapter Name: Radeon RX 570 Series
[2021.01.24-21.53.36:030][  0]LogD3D11RHI:   Driver Version: Adrenalin 2020 20.2.2 (internal:26.20.15019.19000, unified:26.20.15019.19000)
[2021.01.24-21.53.36:030][  0]LogD3D11RHI:      Driver Date: 2-28-2020
[2021.01.24-21.53.36:030][  0]LogRHI: Texture pool is 5720 MB (70% of 8172 MB)
[2021.01.24-21.53.36:103][  0]LogD3D11RHI: Async texture creation enabled
[2021.01.24-21.53.36:114][  0]LogD3D11RHI: GPU Timing Frequency: 25.000000 (Debug: 2 1)
[2021.01.24-21.53.36:115][  0]LogShaderCompilers: Guid format shader working directory is -25 characters bigger than the processId version (../../../../../../Users/User/Documents/Ball-Runner/BallRunner_SCieslak/Intermediate/Shaders/WorkingDirectory/5296/).
[2021.01.24-21.53.36:116][  0]LogShaderCompilers: Cleaned the shader compiler working directory 'C:/Users/User/AppData/Local/Temp/UnrealShaderWorkingDir/8CA2AFB747B2D34A573489B7B8D12495/'.
[2021.01.24-21.53.36:414][  0]LogTemp: Display: Loaded TP AllDesktopTargetPlatform
[2021.01.24-21.53.36:425][  0]LogTemp: Display: Loaded TP MacClientTargetPlatform
[2021.01.24-21.53.36:436][  0]LogTemp: Display: Loaded TP MacNoEditorTargetPlatform
[2021.01.24-21.53.36:447][  0]LogTemp: Display: Loaded TP MacServerTargetPlatform
[2021.01.24-21.53.36:458][  0]LogTemp: Display: Loaded TP MacTargetPlatform
[2021.01.24-21.53.36:471][  0]LogTemp: Display: Loaded TP WindowsClientTargetPlatform
[2021.01.24-21.53.36:482][  0]LogTemp: Display: Loaded TP WindowsNoEditorTargetPlatform
[2021.01.24-21.53.36:493][  0]LogTemp: Display: Loaded TP WindowsServerTargetPlatform
[2021.01.24-21.53.36:499][  0]LogTemp: Display: Loaded TP WindowsTargetPlatform
[2021.01.24-21.53.36:577][  0]LogTemp: Display: Loaded TP AndroidTargetPlatform
[2021.01.24-21.53.36:577][  0]LogTemp: Display: Loaded TP AndroidTargetPlatform
[2021.01.24-21.53.36:577][  0]LogTemp: Display: Loaded TP AndroidTargetPlatform
[2021.01.24-21.53.36:577][  0]LogTemp: Display: Loaded TP AndroidTargetPlatform
[2021.01.24-21.53.36:577][  0]LogTemp: Display: Loaded TP AndroidTargetPlatform
[2021.01.24-21.53.36:577][  0]LogTemp: Display: Loaded TP AndroidTargetPlatform
[2021.01.24-21.53.36:577][  0]LogTemp: Display: Loaded TP AndroidTargetPlatform
[2021.01.24-21.53.36:577][  0]LogTemp: Display: Loaded TP AndroidTargetPlatform
[2021.01.24-21.53.36:577][  0]LogTemp: Display: Loaded TP AndroidTargetPlatform
[2021.01.24-21.53.36:577][  0]LogTemp: Display: Loaded TP AndroidTargetPlatform
[2021.01.24-21.53.36:577][  0]LogTemp: Display: Loaded TP AndroidTargetPlatform
[2021.01.24-21.53.36:577][  0]LogTemp: Display: Loaded TP AndroidTargetPlatform
[2021.01.24-21.53.36:577][  0]LogTemp: Display: Loaded TP AndroidTargetPlatform
[2021.01.24-21.53.36:577][  0]LogTemp: Display: Loaded TP AndroidTargetPlatform
[2021.01.24-21.53.36:577][  0]LogTemp: Display: Loaded TP AndroidTargetPlatform
[2021.01.24-21.53.36:577][  0]LogTemp: Display: Loaded TP AndroidTargetPlatform
[2021.01.24-21.53.36:577][  0]LogTemp: Display: Loaded TP AndroidTargetPlatform
[2021.01.24-21.53.36:577][  0]LogTemp: Display: Loaded TP AndroidTargetPlatform
[2021.01.24-21.53.36:578][  0]LogTemp: Display: Loaded TP HTML5TargetPlatform
[2021.01.24-21.53.36:634][  0]LogTemp: Display: Loaded TP IOSTargetPlatform
[2021.01.24-21.53.36:634][  0]LogTemp: Display: Loaded TP IOSTargetPlatform
[2021.01.24-21.53.36:653][  0]LogTemp: Display: Loaded TP TVOSTargetPlatform
[2021.01.24-21.53.36:653][  0]LogTemp: Display: Loaded TP TVOSTargetPlatform
[2021.01.24-21.53.36:663][  0]LogTemp: Display: Loaded TP LinuxClientTargetPlatform
[2021.01.24-21.53.36:673][  0]LogTemp: Display: Loaded TP LinuxNoEditorTargetPlatform
[2021.01.24-21.53.36:683][  0]LogTemp: Display: Loaded TP LinuxServerTargetPlatform
[2021.01.24-21.53.36:694][  0]LogTemp: Display: Loaded TP LinuxTargetPlatform
[2021.01.24-21.53.36:701][  0]LogTemp: Display: Loaded TP LuminTargetPlatform
[2021.01.24-21.53.36:702][  0]LogTargetPlatformManager: Display: Building Assets For Windows
[2021.01.24-21.53.36:752][  0]LogXGEController: Cannot use XGE Controller as Incredibuild is not installed on this machine.
[2021.01.24-21.53.36:752][  0]LogShaderCompilers: Cannot use XGE Shader Compiler as Incredibuild is not installed on this machine.
[2021.01.24-21.53.36:752][  0]LogShaderCompilers: Display: Using Local Shader Compiler.
[2021.01.24-21.53.37:463][  0]LogDerivedDataCache: Display: Max Cache Size: 512 MB
[2021.01.24-21.53.37:506][  0]LogDerivedDataCache: Loaded boot cache 0.04s 71MB C:/Users/User/AppData/Local/UnrealEngine/4.20/DerivedDataCache/Boot.ddc.
[2021.01.24-21.53.37:506][  0]LogDerivedDataCache: Display: Loaded Boot cache: C:/Users/User/AppData/Local/UnrealEngine/4.20/DerivedDataCache/Boot.ddc
[2021.01.24-21.53.37:506][  0]LogDerivedDataCache: FDerivedDataBackendGraph:  Pak pak cache file ../../../../../../Users/User/Documents/Ball-Runner/BallRunner_SCieslak/DerivedDataCache/DDC.ddp not found, will not use a pak cache.
[2021.01.24-21.53.37:506][  0]LogDerivedDataCache: Unable to find inner node Pak for hierarchical cache Hierarchy.
[2021.01.24-21.53.37:506][  0]LogDerivedDataCache: FDerivedDataBackendGraph:  CompressedPak pak cache file ../../../../../../Users/User/Documents/Ball-Runner/BallRunner_SCieslak/DerivedDataCache/Compressed.ddp not found, will not use a pak cache.
[2021.01.24-21.53.37:506][  0]LogDerivedDataCache: Unable to find inner node CompressedPak for hierarchical cache Hierarchy.
[2021.01.24-21.53.37:520][  0]LogDerivedDataCache: Display: Pak cache opened for reading ../../../Engine/DerivedDataCache/Compressed.ddp.
[2021.01.24-21.53.37:533][  0]LogDerivedDataCache: Using Local data cache path C:/Users/User/AppData/Local/UnrealEngine/Common/DerivedDataCache: Writable
[2021.01.24-21.53.37:533][  0]LogDerivedDataCache: Shared data cache path not found in *engine.ini, will not use an Shared cache.
[2021.01.24-21.53.37:533][  0]LogDerivedDataCache: Unable to find inner node Shared for hierarchical cache Hierarchy.
[2021.01.24-21.53.37:547][  0]LogMaterial: Verifying Global Shaders for PCD3D_SM5
[2021.01.24-21.53.37:548][  0]LogSlate: Using FreeType 2.6.0
[2021.01.24-21.53.37:548][  0]LogSlate: SlateFontServices - WITH_FREETYPE: 1, WITH_HARFBUZZ: 1
[2021.01.24-21.53.37:613][  0]LogAssetRegistry: FAssetRegistry took 0.0256 seconds to start up
[2021.01.24-21.53.37:861][  0]LogInit: Selected Device Profile: [Windows]
[2021.01.24-21.53.37:962][  0]LogSimplygon: Simplygon DLL not present - disabling.
[2021.01.24-21.53.37:965][  0]LogMeshReduction: Using SimplygonSwarm for distributed automatic mesh merging
[2021.01.24-21.53.37:965][  0]LogMeshReduction: Using ProxyLODMeshReduction for automatic mesh merging
[2021.01.24-21.53.37:965][  0]LogMeshReduction: Using QuadricMeshReduction for automatic static mesh reduction
[2021.01.24-21.53.37:965][  0]LogMeshReduction: No automatic skeletal mesh reduction module available
[2021.01.24-21.53.37:983][  0]LogNetVersion: BallRunner_SCieslak 1.0.0, NetCL: 4212847, EngineNetVer: 5, GameNetVer: 0 (Checksum: 3905022366)
[2021.01.24-21.53.38:410][  0]LogPackageLocalizationCache: Processed 11 localized package path(s) for 2 prioritized culture(s) in 0.096400 seconds
[2021.01.24-21.53.38:416][  0]LogUObjectArray: 38425 objects as part of root set at end of initial load.
[2021.01.24-21.53.38:416][  0]LogUObjectAllocator: 6690864 out of 0 bytes used by permanent object pool.
[2021.01.24-21.53.38:416][  0]LogUObjectArray: CloseDisregardForGC: 0/0 objects in disregard for GC pool
[2021.01.24-21.53.39:120][  0]LogTcpMessaging: Initializing TcpMessaging bridge
[2021.01.24-21.53.39:132][  0]LogUdpMessaging: Initializing bridge on interface 0.0.0.0:0 to multicast group 230.0.0.1:6666.
[2021.01.24-21.53.39:256][  0]SourceControl: Source control is disabled
[2021.01.24-21.53.39:256][  0]SourceControl: Source control is disabled
[2021.01.24-21.53.39:257][  0]SourceControl: Source control is disabled
[2021.01.24-21.53.39:257][  0]SourceControl: Source control is disabled
[2021.01.24-21.53.39:412][  0]LogAndroidPermission: UAndroidPermissionCallbackProxy::GetInstance
[2021.01.24-21.53.39:514][  0]LogOcInput: OculusInput pre-init called
[2021.01.24-21.53.39:563][  0]LogEngine: Initializing Engine...
[2021.01.24-21.53.39:563][  0]LogHMD: Failed to initialize OpenVR with code 110
[2021.01.24-21.53.39:566][  0]LogStats: UGameplayTagsManager::ConstructGameplayTagTree: ImportINI prefixes -  0.000 s
[2021.01.24-21.53.39:566][  0]LogStats: UGameplayTagsManager::ConstructGameplayTagTree: Construct from data asset -  0.000 s
[2021.01.24-21.53.39:566][  0]LogStats: UGameplayTagsManager::ConstructGameplayTagTree: ImportINI -  0.000 s
[2021.01.24-21.53.39:566][  0]LogStats: UGameplayTagsManager::ConstructGameplayTagTree: GameplayTagTreeChangedEvent.Broadcast -  0.000 s
[2021.01.24-21.53.39:738][  0]LogInit: Initializing FReadOnlyCVARCache
[2021.01.24-21.53.39:748][  0]LogAIModule: Creating AISystem for world Untitled
[2021.01.24-21.53.39:796][  0]LogInit: XAudio2 using 'Głośniki (Realtek High Definition Audio)' : 6 channels at 48 kHz using 32 bits per sample (channel mask 0x3f)
[2021.01.24-21.53.39:829][  0]LogInit: FAudioDevice initialized.
[2021.01.24-21.53.39:830][  0]LogNetVersion: Set ProjectVersion to 1.0.0.0. Version Checksum will be recalculated on next use.
[2021.01.24-21.53.39:899][  0]LogDerivedDataCache: Saved boot cache 0.07s 71MB C:/Users/User/AppData/Local/UnrealEngine/4.20/DerivedDataCache/Boot.ddc.
[2021.01.24-21.53.39:905][  0]LogInit: Texture streaming: Enabled
[2021.01.24-21.53.39:920][  0]LogEngineSessionManager: EngineSessionManager initialized
[2021.01.24-21.53.39:932][  0]LogInit: Transaction tracking system initialized
[2021.01.24-21.53.39:950][  0]BlueprintLog: New page: Editor Load
[2021.01.24-21.53.40:015][  0]LocalizationService: Localization service is disabled
[2021.01.24-21.53.40:230][  0]LogCook: Display: Max memory allowance for cook 16384mb min free memory 0mb
[2021.01.24-21.53.40:230][  0]LogCook: Display: Mobile HDR setting 1
[2021.01.24-21.53.40:230][  0]LogGameplayTags: Display: UGameplayTagsManager::DoneAddingNativeTags. DelegateIsBound: 0
[2021.01.24-21.53.40:230][  0]LogStats: UGameplayTagsManager::ConstructGameplayTagTree: ImportINI prefixes -  0.000 s
[2021.01.24-21.53.40:230][  0]LogStats: UGameplayTagsManager::ConstructGameplayTagTree: Construct from data asset -  0.000 s
[2021.01.24-21.53.40:230][  0]LogStats: UGameplayTagsManager::ConstructGameplayTagTree: ImportINI -  0.000 s
[2021.01.24-21.53.40:230][  0]LogStats: UGameplayTagsManager::ConstructGameplayTagTree: GameplayTagTreeChangedEvent.Broadcast -  0.000 s
[2021.01.24-21.53.40:323][  0]LogFileCache: Scanning file cache for directory 'C:/Users/User/Documents/Ball-Runner/BallRunner_SCieslak/Content/' took 0.01s
[2021.01.24-21.53.40:323][  0]SourceControl: Source control is disabled
[2021.01.24-21.53.40:323][  0]Cmd: MAP LOAD FILE="../../../../../../Users/User/Documents/Ball-Runner/BallRunner_SCieslak/Content/StarterContent/Maps/Minimal_Default.umap" TEMPLATE=0 SHOWPROGRESS=1 FEATURELEVEL=3
[2021.01.24-21.53.40:324][  0]LightingResults: New page: Lighting Build
[2021.01.24-21.53.40:326][  0]MapCheck: New page: Map Check
[2021.01.24-21.53.40:326][  0]LightingResults: New page: Lighting Build
[2021.01.24-21.53.40:584][  0]LogAIModule: Creating AISystem for world Minimal_Default
[2021.01.24-21.53.40:589][  0]LogEditorServer: Finished looking for orphan Actors (0.000 secs)
[2021.01.24-21.53.40:609][  0]Cmd: MAP CHECKDEP NOCLEARLOG
[2021.01.24-21.53.40:690][  0]MapCheck: Map check complete: 0 Error(s), 0 Warning(s), took 81,419ms to complete.
[2021.01.24-21.53.40:690][  0]LogFileHelpers: Loading map 'Minimal_Default' took 0.367
[2021.01.24-21.53.40:814][  0]LogSlate: Updating window title bar state: overlay mode, drag disabled, window buttons hidden, title bar hidden
[2021.01.24-21.53.40:820][  0]LogSlate: Updating window title bar state: overlay mode, drag disabled, window buttons hidden, title bar hidden
[2021.01.24-21.53.40:825][  0]LogSlate: Updating window title bar state: overlay mode, drag disabled, window buttons hidden, title bar hidden
[2021.01.24-21.53.40:831][  0]LogSlate: Updating window title bar state: overlay mode, drag disabled, window buttons hidden, title bar hidden
[2021.01.24-21.53.40:836][  0]LogCollectionManager: Loaded 0 collections in 0.001334 seconds
[2021.01.24-21.53.40:881][  0]LogFileCache: Scanning file cache for directory 'C:/Users/User/Documents/Ball-Runner/BallRunner_SCieslak/Saved/Collections/' took 0.01s
[2021.01.24-21.53.40:881][  0]LogFileCache: Scanning file cache for directory 'C:/Users/User/Documents/Ball-Runner/BallRunner_SCieslak/Content/Developers/User/Collections/' took 0.01s
[2021.01.24-21.53.40:881][  0]LogFileCache: Scanning file cache for directory 'C:/Users/User/Documents/Ball-Runner/BallRunner_SCieslak/Content/Collections/' took 0.01s
[2021.01.24-21.53.40:881][  0]LogCollectionManager: Rebuilt the GUID cache for 0 collections in 0.000000 seconds
[2021.01.24-21.53.40:888][  0]LogContentBrowser: Native class hierarchy populated in 0.0068 seconds. Added 2572 classes and 603 folders.
[2021.01.24-21.53.40:893][  0]LogContentBrowser: Native class hierarchy updated for 'WidgetCarousel' in 0.0002 seconds. Added 0 classes and 0 folders.
[2021.01.24-21.53.40:933][  0]LogContentBrowser: Native class hierarchy updated for 'AddContentDialog' in 0.0002 seconds. Added 0 classes and 0 folders.
[2021.01.24-21.53.40:937][  0]LogContentBrowser: Native class hierarchy updated for 'SceneOutliner' in 0.0002 seconds. Added 1 classes and 2 folders.
[2021.01.24-21.53.40:951][  0]LogSlate: Took 0.000163 seconds to synchronously load lazily loaded font '../../../Engine/Content/Slate/Fonts/Roboto-Regular.ttf' (155K)
[2021.01.24-21.53.40:952][  0]LogSlate: Took 0.000169 seconds to synchronously load lazily loaded font '../../../Engine/Content/Slate/Fonts/Roboto-Bold.ttf' (160K)
[2021.01.24-21.53.40:955][  0]LogSlate: Took 0.000201 seconds to synchronously load lazily loaded font '../../../Engine/Content/Editor/Slate/Fonts/FontAwesome.ttf' (139K)
[2021.01.24-21.53.41:021][  0]LogRenderer: Reallocating scene render targets to support 1024x600 Format 10 NumSamples 1 (Frame:1).
[2021.01.24-21.53.41:156][  0]LogContentBrowser: Native class hierarchy updated for 'HierarchicalLODOutliner' in 0.0002 seconds. Added 0 classes and 0 folders.
[2021.01.24-21.53.41:156][  0]LogLoad: (Engine Initialization) Total time: 7.16 seconds
[2021.01.24-21.53.41:156][  0]LogLoad: (Engine Initialization) Total Blueprint compile time: 0.00 seconds
[2021.01.24-21.53.41:182][  0]LogAssetRegistry: Asset discovery search completed in 3.5921 seconds
[2021.01.24-21.53.41:184][  0]LogCollectionManager: Rebuilt the object cache for 0 collections in 0.000000 seconds (found 0 objects)
[2021.01.24-21.53.41:184][  0]LogCollectionManager: Fixed up redirectors for 0 collections in 0.000042 seconds (updated 0 objects)
[2021.01.24-21.53.41:185][  0]LogContentStreaming: Texture pool size now 1000 MB
[2021.01.24-21.53.41:233][  0]LogSlate: Took 0.000143 seconds to synchronously load lazily loaded font '../../../Engine/Content/Slate/Fonts/Roboto-Light.ttf' (167K)
[2021.01.24-21.53.43:132][223]LogSlate: FSceneViewport::OnFocusLost() reason 0
[2021.01.24-21.53.43:871][310]LogSlate: Took 0.000159 seconds to synchronously load lazily loaded font '../../../Engine/Content/Slate/Fonts/Roboto-Light.ttf' (167K)
[2021.01.24-21.53.43:899][310]LogAIModule: Creating AISystem for world MainLevel
[2021.01.24-21.53.43:903][310]LogAssetEditorManager: Opening Asset editor for World /Game/Levels/MainLevel.MainLevel
[2021.01.24-21.53.43:925][310]Cmd: MAP LOAD FILE="../../../../../../Users/User/Documents/Ball-Runner/BallRunner_SCieslak/Content/Levels/MainLevel.umap" TEMPLATE=0 SHOWPROGRESS=1 FEATURELEVEL=3
[2021.01.24-21.53.43:925][310]LightingResults: New page: Lighting Build
[2021.01.24-21.53.43:926][310]LoadErrors: New page: Loading map: MainLevel.umap
[2021.01.24-21.53.43:926][310]MapCheck: New page: Map Check
[2021.01.24-21.53.43:926][310]LightingResults: New page: Lighting Build
[2021.01.24-21.53.43:948][310]LogEditorServer: Finished looking for orphan Actors (0.000 secs)
[2021.01.24-21.53.43:981][310]Cmd: MAP CHECKDEP NOCLEARLOG
[2021.01.24-21.53.44:065][310]MapCheck: Map check complete: 0 Error(s), 0 Warning(s), took 83,187ms to complete.
[2021.01.24-21.53.44:065][310]LogFileHelpers: Loading map 'MainLevel' took 0.140
[2021.01.24-21.54.57:366][849]LogEditorViewport: Clicking on Actor (LMB): PointLight (PointLight2)
[2021.01.24-21.54.59:305][ 75]LogEditorViewport: Clicking on Actor (LMB): PointLight (PointLight)
[2021.01.24-21.55.02:358][436]LogSlate: FSceneViewport::OnFocusLost() reason 2
[2021.01.24-21.55.09:930][339]LogEditorViewport: Clicking Background
[2021.01.24-21.55.35:906][454]LogSlate: FSceneViewport::OnFocusLost() reason 0
[2021.01.24-21.56.13:434][941]LogNavigationPoint: PostEditMove Clear paths rebuilt
[2021.01.24-21.56.15:738][216]LogNavigationPoint: PostEditMove Clear paths rebuilt
[2021.01.24-21.56.16:641][323]LogNavigationPoint: PostEditMove Clear paths rebuilt
[2021.01.24-21.56.17:596][436]LogNavigationPoint: PostEditMove Clear paths rebuilt
[2021.01.24-21.56.18:925][594]LogNavigationPoint: PostEditMove Clear paths rebuilt
[2021.01.24-21.56.20:536][786]LogNavigationPoint: PostEditMove Clear paths rebuilt
[2021.01.24-21.56.21:256][871]LogNavigationPoint: PostEditMove Clear paths rebuilt
[2021.01.24-21.56.23:233][107]LogNavigationPoint: PostEditMove Clear paths rebuilt
[2021.01.24-21.56.24:137][214]LogNavigationPoint: PostEditMove Clear paths rebuilt
[2021.01.24-21.56.25:748][406]LogNavigationPoint: PostEditMove Clear paths rebuilt
[2021.01.24-21.56.35:252][544]LogNavigationPoint: PostEditMove Clear paths rebuilt
[2021.01.24-21.56.40:214][138]LogNavigationPoint: PostEditMove Clear paths rebuilt
[2021.01.24-21.56.42:729][439]LogNavigationPoint: PostEditMove Clear paths rebuilt
[2021.01.24-21.56.44:791][685]LogNavigationPoint: PostEditMove Clear paths rebuilt
[2021.01.24-21.56.47:160][968]LogNavigationPoint: PostEditMove Clear paths rebuilt
[2021.01.24-21.56.47:663][ 27]LogEditorViewport: Clicking Background
[2021.01.24-21.56.48:646][144]LogEditorViewport: Clicking on Actor (LMB): PlayerStart (PlayerStart)
[2021.01.24-21.56.58:198][287]LogSlate: Took 0.000198 seconds to synchronously load lazily loaded font '../../../Engine/Content/Slate/Fonts/Roboto-Italic.ttf' (157K)
[2021.01.24-21.57.00:957][617]LogSlate: FSceneViewport::OnFocusLost() reason 0
[2021.01.24-21.57.06:123][236]LogEditorViewport: Clicking Background
[2021.01.24-21.57.08:743][549]LogSlate: FSceneViewport::OnFocusLost() reason 0
[2021.01.24-21.57.22:959][226]LogEditorViewport: Clicking Background
[2021.01.24-21.57.26:146][602]Cmd: TRANSACTION UNDO
[2021.01.24-21.57.26:146][602]LogEditorTransaction: Undo Select Brush Surface
[2021.01.24-21.57.26:332][622]Cmd: TRANSACTION UNDO
[2021.01.24-21.57.26:332][622]LogEditorTransaction: Undo Clicking Background
[2021.01.24-21.57.26:486][637]Cmd: TRANSACTION UNDO
[2021.01.24-21.57.26:487][637]LogEditorTransaction: Undo Set Location
[2021.01.24-21.57.26:507][637]LogActorComponent: ~FComponentReregisterContext: (/Game/Levels/MainLevel.MainLevel:PersistentLevel.SpotLight2.BillboardComponent_0) Component already registered.
[2021.01.24-21.57.26:507][637]LogActorComponent: ~FComponentReregisterContext: (/Game/Levels/MainLevel.MainLevel:PersistentLevel.PointLight6.BillboardComponent_0) Component already registered.
[2021.01.24-21.57.26:507][637]LogActorComponent: ~FComponentReregisterContext: (/Game/Levels/MainLevel.MainLevel:PersistentLevel.PointLight3.BillboardComponent_0) Component already registered.
[2021.01.24-21.57.26:507][637]LogActorComponent: ~FComponentReregisterContext: (/Game/Levels/MainLevel.MainLevel:PersistentLevel.PointLight4.BillboardComponent_0) Component already registered.
[2021.01.24-21.57.26:507][637]LogActorComponent: ~FComponentReregisterContext: (/Game/Levels/MainLevel.MainLevel:PersistentLevel.PointLight5.BillboardComponent_0) Component already registered.
[2021.01.24-21.57.26:507][637]LogActorComponent: ~FComponentReregisterContext: (/Game/Levels/MainLevel.MainLevel:PersistentLevel.PointLight7.BillboardComponent_0) Component already registered.
[2021.01.24-21.57.26:507][637]LogActorComponent: ~FComponentReregisterContext: (/Game/Levels/MainLevel.MainLevel:PersistentLevel.PointLight2.BillboardComponent_0) Component already registered.
[2021.01.24-21.57.26:507][637]LogActorComponent: ~FComponentReregisterContext: (/Game/Levels/MainLevel.MainLevel:PersistentLevel.PointLight8.BillboardComponent_0) Component already registered.
[2021.01.24-21.57.26:507][637]LogActorComponent: ~FComponentReregisterContext: (/Game/Levels/MainLevel.MainLevel:PersistentLevel.SpotLight_1.ArrowComponent0) Component already registered.
[2021.01.24-21.57.26:507][637]LogActorComponent: ~FComponentReregisterContext: (/Game/Levels/MainLevel.MainLevel:PersistentLevel.SpotLight_1.BillboardComponent_0) Component already registered.
[2021.01.24-21.57.26:507][637]LogActorComponent: ~FComponentReregisterContext: (/Game/Levels/MainLevel.MainLevel:PersistentLevel.SpotLight2.ArrowComponent0) Component already registered.
[2021.01.24-21.57.26:507][637]LogActorComponent: ~FComponentReregisterContext: (/Game/Levels/MainLevel.MainLevel:PersistentLevel.PointLight_5.BillboardComponent_0) Component already registered.
[2021.01.24-21.57.26:507][637]LogActorComponent: ~FComponentReregisterContext: (/Game/Levels/MainLevel.MainLevel:PersistentLevel.DirectionalLight_1.ArrowComponent0) Component already registered.
[2021.01.24-21.57.26:507][637]LogActorComponent: ~FComponentReregisterContext: (/Game/Levels/MainLevel.MainLevel:PersistentLevel.DirectionalLight_1.BillboardComponent_0) Component already registered.
[2021.01.24-21.57.26:675][654]Cmd: TRANSACTION UNDO
[2021.01.24-21.57.26:675][654]LogEditorTransaction: Undo Set Location
[2021.01.24-21.57.26:693][654]LogActorComponent: ~FComponentReregisterContext: (/Game/Levels/MainLevel.MainLevel:PersistentLevel.PointLight7.BillboardComponent_0) Component already registered.
[2021.01.24-21.57.26:694][654]LogActorComponent: ~FComponentReregisterContext: (/Game/Levels/MainLevel.MainLevel:PersistentLevel.PointLight4.BillboardComponent_0) Component already registered.
[2021.01.24-21.57.26:694][654]LogActorComponent: ~FComponentReregisterContext: (/Game/Levels/MainLevel.MainLevel:PersistentLevel.PointLight5.BillboardComponent_0) Component already registered.
[2021.01.24-21.57.26:694][654]LogActorComponent: ~FComponentReregisterContext: (/Game/Levels/MainLevel.MainLevel:PersistentLevel.PointLight6.BillboardComponent_0) Component already registered.
[2021.01.24-21.57.26:694][654]LogActorComponent: ~FComponentReregisterContext: (/Game/Levels/MainLevel.MainLevel:PersistentLevel.PointLight8.BillboardComponent_0) Component already registered.
[2021.01.24-21.57.26:694][654]LogActorComponent: ~FComponentReregisterContext: (/Game/Levels/MainLevel.MainLevel:PersistentLevel.PointLight3.BillboardComponent_0) Component already registered.
[2021.01.24-21.57.26:694][654]LogActorComponent: ~FComponentReregisterContext: (/Game/Levels/MainLevel.MainLevel:PersistentLevel.SpotLight_1.ArrowComponent0) Component already registered.
[2021.01.24-21.57.26:694][654]LogActorComponent: ~FComponentReregisterContext: (/Game/Levels/MainLevel.MainLevel:PersistentLevel.SpotLight_1.BillboardComponent_0) Component already registered.
[2021.01.24-21.57.26:694][654]LogActorComponent: ~FComponentReregisterContext: (/Game/Levels/MainLevel.MainLevel:PersistentLevel.SpotLight2.ArrowComponent0) Component already registered.
[2021.01.24-21.57.26:694][654]LogActorComponent: ~FComponentReregisterContext: (/Game/Levels/MainLevel.MainLevel:PersistentLevel.PointLight2.BillboardComponent_0) Component already registered.
[2021.01.24-21.57.26:694][654]LogActorComponent: ~FComponentReregisterContext: (/Game/Levels/MainLevel.MainLevel:PersistentLevel.PointLight_5.BillboardComponent_0) Component already registered.
[2021.01.24-21.57.26:694][654]LogActorComponent: ~FComponentReregisterContext: (/Game/Levels/MainLevel.MainLevel:PersistentLevel.DirectionalLight_1.ArrowComponent0) Component already registered.
[2021.01.24-21.57.26:694][654]LogActorComponent: ~FComponentReregisterContext: (/Game/Levels/MainLevel.MainLevel:PersistentLevel.DirectionalLight_1.BillboardComponent_0) Component already registered.
[2021.01.24-21.57.26:694][654]LogActorComponent: ~FComponentReregisterContext: (/Game/Levels/MainLevel.MainLevel:PersistentLevel.SpotLight2.BillboardComponent_0) Component already registered.
[2021.01.24-21.57.27:030][693]Cmd: TRANSACTION UNDO
[2021.01.24-21.57.27:030][693]LogEditorTransaction: Undo Set Location
[2021.01.24-21.57.27:046][693]LogActorComponent: ~FComponentReregisterContext: (/Game/Levels/MainLevel.MainLevel:PersistentLevel.SpotLight2.BillboardComponent_0) Component already registered.
[2021.01.24-21.57.27:046][693]LogActorComponent: ~FComponentReregisterContext: (/Game/Levels/MainLevel.MainLevel:PersistentLevel.PointLight4.BillboardComponent_0) Component already registered.
[2021.01.24-21.57.27:046][693]LogActorComponent: ~FComponentReregisterContext: (/Game/Levels/MainLevel.MainLevel:PersistentLevel.SpotLight2.ArrowComponent0) Component already registered.
[2021.01.24-21.57.27:046][693]LogActorComponent: ~FComponentReregisterContext: (/Game/Levels/MainLevel.MainLevel:PersistentLevel.SpotLight_1.BillboardComponent_0) Component already registered.
[2021.01.24-21.57.27:046][693]LogActorComponent: ~FComponentReregisterContext: (/Game/Levels/MainLevel.MainLevel:PersistentLevel.SpotLight_1.ArrowComponent0) Component already registered.
[2021.01.24-21.57.27:046][693]LogActorComponent: ~FComponentReregisterContext: (/Game/Levels/MainLevel.MainLevel:PersistentLevel.PointLight8.BillboardComponent_0) Component already registered.
[2021.01.24-21.57.27:046][693]LogActorComponent: ~FComponentReregisterContext: (/Game/Levels/MainLevel.MainLevel:PersistentLevel.PointLight7.BillboardComponent_0) Component already registered.
[2021.01.24-21.57.27:046][693]LogActorComponent: ~FComponentReregisterContext: (/Game/Levels/MainLevel.MainLevel:PersistentLevel.PointLight6.BillboardComponent_0) Component already registered.
[2021.01.24-21.57.27:046][693]LogActorComponent: ~FComponentReregisterContext: (/Game/Levels/MainLevel.MainLevel:PersistentLevel.PointLight5.BillboardComponent_0) Component already registered.
[2021.01.24-21.57.27:046][693]LogActorComponent: ~FComponentReregisterContext: (/Game/Levels/MainLevel.MainLevel:PersistentLevel.PointLight3.BillboardComponent_0) Component already registered.
[2021.01.24-21.57.27:046][693]LogActorComponent: ~FComponentReregisterContext: (/Game/Levels/MainLevel.MainLevel:PersistentLevel.PointLight2.BillboardComponent_0) Component already registered.
[2021.01.24-21.57.27:046][693]LogActorComponent: ~FComponentReregisterContext: (/Game/Levels/MainLevel.MainLevel:PersistentLevel.PointLight_5.BillboardComponent_0) Component already registered.
[2021.01.24-21.57.27:046][693]LogActorComponent: ~FComponentReregisterContext: (/Game/Levels/MainLevel.MainLevel:PersistentLevel.DirectionalLight_1.BillboardComponent_0) Component already registered.
[2021.01.24-21.57.27:046][693]LogActorComponent: ~FComponentReregisterContext: (/Game/Levels/MainLevel.MainLevel:PersistentLevel.DirectionalLight_1.ArrowComponent0) Component already registered.
[2021.01.24-21.57.29:492][985]LogEditorViewport: Clicking Background
[2021.01.24-21.57.33:049][405]LogSlate: FSceneViewport::OnFocusLost() reason 0
[2021.01.24-21.57.42:045][478]LogSlate: FSceneViewport::OnFocusLost() reason 0
[2021.01.24-21.57.52:469][713]LogEditorViewport: Clicking on Actor (LMB): PlayerStart (PlayerStart)
[2021.01.24-21.57.55:911][119]LogSlate: FSceneViewport::OnFocusLost() reason 0
[2021.01.24-21.58.24:251][453]LogEditorViewport: Clicking Background
[2021.01.24-21.58.25:261][573]LogEditorViewport: Clicking on Actor (LMB): PointLight (PointLight)
[2021.01.24-21.58.42:697][626]Cmd: TRANSACTION UNDO
[2021.01.24-21.58.42:697][626]LogEditorTransaction: Undo Move Actors
[2021.01.24-21.58.42:700][626]LogActorComponent: ~FComponentReregisterContext: (/Game/Levels/MainLevel.MainLevel:PersistentLevel.PointLight3.LightComponent0) Component already registered.
[2021.01.24-21.58.56:298][242]LogEditorViewport: Clicking Background
[2021.01.24-21.59.00:949][798]LogEditorViewport: Clicking on Actor (LMB): PointLight (PointLight6)
[2021.01.24-21.59.02:034][925]Cmd: DELETE
[2021.01.24-21.59.02:034][925]Cmd: ACTOR DELETE
[2021.01.24-21.59.02:038][925]LogEditorActor: Deleted Actor: PointLight
[2021.01.24-21.59.02:057][925]LogEditorActor: Deleted 1 Actors (0.023 secs)
[2021.01.24-21.59.02:979][ 36]LogEditorViewport: Clicking on Actor (LMB): PointLight (PointLight2)
[2021.01.24-21.59.03:946][149]Cmd: EDIT COPY
[2021.01.24-21.59.04:238][184]Cmd: EDIT PASTE
[2021.01.24-21.59.08:802][727]LogEditorViewport: Clicking Background
[2021.01.24-21.59.13:027][232]LogEditorViewport: Clicking on Actor (LMB): SpotLight (SpotLight)
[2021.01.24-21.59.13:687][308]LogEditorViewport: Clicking Background
[2021.01.24-21.59.15:454][519]LogEditorViewport: Clicking on Actor (LMB): SpotLight (SpotLight2)
[2021.01.24-21.59.16:483][639]LogEditorViewport: Clicking Background
[2021.01.24-21.59.18:608][893]LogEditorViewport: Clicking on Actor (LMB): PlayerStart (PlayerStart)
[2021.01.24-21.59.23:508][478]LogNavigationPoint: PostEditMove Clear paths rebuilt
[2021.01.24-21.59.27:159][910]LogSlate: FSceneViewport::OnFocusLost() reason 0
[2021.01.24-21.59.39:323][356]LogEditorViewport: Clicking Background
[2021.01.24-21.59.40:624][511]LogEditorViewport: Clicking on Actor (LMB): PointLight (PointLight5)
[2021.01.24-21.59.42:657][748]LogSlate: FSceneViewport::OnFocusLost() reason 0
[2021.01.24-21.59.50:148][640]LogEditorViewport: Clicking Background
[2021.01.24-21.59.51:274][774]LogEditorViewport: Clicking on Actor (LMB): PlayerStart (PlayerStart)
[2021.01.24-21.59.54:108][111]LogNavigationPoint: PostEditMove Clear paths rebuilt
[2021.01.24-21.59.54:614][170]Cmd: TRANSACTION UNDO
[2021.01.24-21.59.54:614][170]LogEditorTransaction: Undo Move Actors
[2021.01.24-21.59.56:118][339]LogEditorViewport: Clicking Background
[2021.01.24-22.00.06:740][612]LogSlate: FSceneViewport::OnFocusLost() reason 0
[2021.01.24-22.03.43:824][625]LogSavePackage: Moving '../../../../../../Users/User/Documents/Ball-Runner/BallRunner_SCieslak/Saved/MainLevel_Auto1D375348E4EF5020335FF9FBE72D41E37.tmp' to '../../../../../../Users/User/Documents/Ball-Runner/BallRunner_SCieslak/Saved/Autosaves/Game/Levels/MainLevel_Auto1.umap'
[2021.01.24-22.03.43:827][625]LogFileHelpers: Editor autosave (incl. sublevels) for '/Game/Levels/MainLevel' took 0.085
[2021.01.24-22.03.43:827][625]LogFileHelpers: Editor autosave (incl. sublevels) for all levels took 0.085
[2021.01.24-22.04.11:318][667]LogSlate: Window 'Pick Parent Class' being destroyed
[2021.01.24-22.04.34:181][406]LogAssetEditorManager: Opening Asset editor for Blueprint /Game/Blueprints/Bp_Crystal.Bp_Crystal
[2021.01.24-22.04.34:523][406]LogContentBrowser: Native class hierarchy updated for 'BlueprintGraph' in 0.0005 seconds. Added 116 classes and 0 folders.
[2021.01.24-22.04.35:149][407]LogRenderer: Reallocating scene render targets to support 1024x824 Format 10 NumSamples 1 (Frame:1).
[2021.01.24-22.06.46:691][635]LogEditorTransaction: Undo Modify Component(s)
[2021.01.24-22.07.33:814][200]LogSlate: FSceneViewport::OnFocusLost() reason 0
[2021.01.24-22.08.21:041][465]LogSlate: FSceneViewport::OnFocusLost() reason 0
[2021.01.24-22.08.56:524][944]LogSlate: FSceneViewport::OnFocusLost() reason 2
[2021.01.24-22.09.27:876][ 12]LogSlate: FSceneViewport::OnFocusLost() reason 2
[2021.01.24-22.09.41:272][313]LogSlate: FSceneViewport::OnFocusLost() reason 0
[2021.01.24-22.09.54:995][704]LogSlate: FSceneViewport::OnFocusLost() reason 2
[2021.01.24-22.09.55:013][704]Cmd: OBJ SAVEPACKAGE PACKAGE="/Game/Blueprints/Bp_Crystal" FILE="../../../../../../Users/User/Documents/Ball-Runner/BallRunner_SCieslak/Content/Blueprints/Bp_Crystal.uasset" SILENT=true
[2021.01.24-22.09.55:032][704]LogSavePackage: Moving '../../../../../../Users/User/Documents/Ball-Runner/BallRunner_SCieslak/Saved/Bp_Crystal23AA9C9344D5456F96EFBEBB12F77DD5.tmp' to '../../../../../../Users/User/Documents/Ball-Runner/BallRunner_SCieslak/Content/Blueprints/Bp_Crystal.uasset'
[2021.01.24-22.09.56:715][895]LogSlate: Window 'Bp_Crystal' being destroyed
[2021.01.24-22.09.56:719][895]LogSlate: Window 'Bp_Crystal' being destroyed
[2021.01.24-22.10.05:973][984]LogSlate: FSceneViewport::OnFocusLost() reason 0
[2021.01.24-22.10.06:023][990]LogTemp: Repeating last play command: Selected Viewport
[2021.01.24-22.10.06:040][990]BlueprintLog: New page: Pre-Play auto-recompile
[2021.01.24-22.10.06:042][990]LogPlayLevel: [PlayLevel] Compiling Bp_Crystal before play...
[2021.01.24-22.10.06:166][990]LogPlayLevel: PlayLevel: Blueprint regeneration took 125 ms (1 blueprints)
[2021.01.24-22.10.06:178][990]PIE: New page: PIE session: MainLevel (25 sty 2021, 00:10:06)
[2021.01.24-22.10.06:178][990]LogPlayLevel: Creating play world package: /Game/Levels/UEDPIE_0_MainLevel
[2021.01.24-22.10.06:182][990]LogPlayLevel: PIE: StaticDuplicateObject took: (0.003770s)
[2021.01.24-22.10.06:182][990]LogAIModule: Creating AISystem for world MainLevel
[2021.01.24-22.10.06:182][990]LogPlayLevel: PIE: World Init took: (0.000554s)
[2021.01.24-22.10.06:182][990]LogPlayLevel: PIE: Created PIE world by copying editor world from /Game/Levels/MainLevel.MainLevel to /Game/Levels/UEDPIE_0_MainLevel.MainLevel (0.004426s)
[2021.01.24-22.10.06:233][990]LogInit: XAudio2 using 'Głośniki (Realtek High Definition Audio)' : 6 channels at 48 kHz using 32 bits per sample (channel mask 0x3f)
[2021.01.24-22.10.06:257][990]LogInit: FAudioDevice initialized.
[2021.01.24-22.10.06:298][990]LogLoad: Game class is 'GameModeBase'
[2021.01.24-22.10.06:300][990]LogWorld: Bringing World /Game/Levels/UEDPIE_0_MainLevel.MainLevel up for play (max tick rate 0) at 2021.01.24-23.10.06
[2021.01.24-22.10.06:300][990]LogWorld: Bringing up level for play took: 0.000920
[2021.01.24-22.10.06:316][990]LogContentBrowser: Native class hierarchy updated for 'MovieSceneCapture' in 0.0002 seconds. Added 10 classes and 0 folders.
[2021.01.24-22.10.06:317][990]PIE: Play in editor start time for /Game/Levels/UEDPIE_0_MainLevel 0,295
[2021.01.24-22.10.42:261][299]LogSlate: Updating window title bar state: overlay mode, drag disabled, window buttons hidden, title bar hidden
[2021.01.24-22.10.42:293][299]LogPlayLevel: Display: Shutting down PIE online subsystems
[2021.01.24-22.10.42:318][299]LogSlate: Updating window title bar state: overlay mode, drag disabled, window buttons hidden, title bar hidden
[2021.01.24-22.10.42:367][304]LogPlayLevel: Display: Destroying online subsystem :Context_8
[2021.01.24-22.10.43:975][497]LogEditorViewport: Clicking on Actor (LMB): Bp_Crystal_C (Bp_Crystal)
[2021.01.24-22.10.46:771][829]LogSlate: FSceneViewport::OnFocusLost() reason 0
[2021.01.24-22.10.52:903][563]Cmd: DELETE
[2021.01.24-22.10.52:903][563]Cmd: ACTOR DELETE
[2021.01.24-22.10.52:906][563]LogEditorActor: Deleted Actor: Bp_Crystal_C
[2021.01.24-22.10.52:926][563]LogEditorActor: Deleted 1 Actors (0.022 secs)
[2021.01.24-22.10.54:015][684]LogAssetEditorManager: Opening Asset editor for Blueprint /Game/Blueprints/Bp_Crystal.Bp_Crystal
[2021.01.24-22.10.54:251][684]LogSlate: Took 0.004235 seconds to synchronously load lazily loaded font '../../../Engine/Content/Slate/Fonts/Roboto-BoldCondensed.ttf' (158K)
[2021.01.24-22.11.11:532][452]LogSlate: FSceneViewport::OnFocusLost() reason 0
[2021.01.24-22.11.13:593][614]LogSlate: FSceneViewport::OnFocusLost() reason 0
[2021.01.24-22.11.20:585][102]LogSlate: FSceneViewport::OnFocusLost() reason 0
[2021.01.24-22.11.52:080][975]LogSlate: FSceneViewport::OnFocusLost() reason 0
[2021.01.24-22.12.26:265][259]LogSlate: FSceneViewport::OnFocusLost() reason 0
[2021.01.24-22.12.28:153][481]LogSlate: Window 'Bp_Crystal*' being destroyed
[2021.01.24-22.12.28:159][481]LogSlate: Window 'Bp_Crystal*' being destroyed
[2021.01.24-22.12.38:152][654]LogSlate: FSceneViewport::OnFocusLost() reason 0
[2021.01.24-22.12.41:408][ 44]LogEditorViewport: Clicking Background
[2021.01.24-22.12.50:682][153]LogEditorViewport: Clicking on Actor (LMB): Bp_Crystal_C (Bp_Crystal)
[2021.01.24-22.12.55:183][688]Cmd: EDIT COPY
[2021.01.24-22.12.55:543][731]Cmd: EDIT PASTE
[2021.01.24-22.13.02:236][525]LogEditorViewport: Clicking Background
[2021.01.24-22.13.07:549][158]LogEditorViewport: Clicking on Actor (LMB): Bp_Crystal_C (Bp_Crystal2)
[2021.01.24-22.13.09:430][377]LogSlate: FSceneViewport::OnFocusLost() reason 0
[2021.01.24-22.13.09:471][382]LogTemp: Repeating last play command: Selected Viewport
[2021.01.24-22.13.09:485][382]BlueprintLog: New page: Pre-Play auto-recompile
[2021.01.24-22.13.09:486][382]LogPlayLevel: [PlayLevel] Compiling Bp_Crystal before play...
[2021.01.24-22.13.09:590][382]LogPlayLevel: PlayLevel: Blueprint regeneration took 105 ms (1 blueprints)
[2021.01.24-22.13.09:590][382]PIE: New page: PIE session: MainLevel (25 sty 2021, 00:13:09)
[2021.01.24-22.13.09:590][382]LogPlayLevel: Creating play world package: /Game/Levels/UEDPIE_0_MainLevel
[2021.01.24-22.13.09:594][382]LogPlayLevel: PIE: StaticDuplicateObject took: (0.003667s)
[2021.01.24-22.13.09:594][382]LogAIModule: Creating AISystem for world MainLevel
[2021.01.24-22.13.09:594][382]LogPlayLevel: PIE: World Init took: (0.000531s)
[2021.01.24-22.13.09:594][382]LogPlayLevel: PIE: Created PIE world by copying editor world from /Game/Levels/MainLevel.MainLevel to /Game/Levels/UEDPIE_0_MainLevel.MainLevel (0.004292s)
[2021.01.24-22.13.09:644][382]LogInit: XAudio2 using 'Głośniki (Realtek High Definition Audio)' : 6 channels at 48 kHz using 32 bits per sample (channel mask 0x3f)
[2021.01.24-22.13.09:669][382]LogInit: FAudioDevice initialized.
[2021.01.24-22.13.09:697][382]LogLoad: Game class is 'GameModeBase'
[2021.01.24-22.13.09:699][382]LogWorld: Bringing World /Game/Levels/UEDPIE_0_MainLevel.MainLevel up for play (max tick rate 0) at 2021.01.24-23.13.09
[2021.01.24-22.13.09:699][382]LogWorld: Bringing up level for play took: 0.000883
[2021.01.24-22.13.09:712][382]PIE: Play in editor start time for /Game/Levels/UEDPIE_0_MainLevel -0,31
[2021.01.24-22.13.26:976][453]LogSlate: Updating window title bar state: overlay mode, drag disabled, window buttons hidden, title bar hidden
[2021.01.24-22.13.27:005][453]LogPlayLevel: Display: Shutting down PIE online subsystems
[2021.01.24-22.13.27:030][453]LogSlate: Updating window title bar state: overlay mode, drag disabled, window buttons hidden, title bar hidden
[2021.01.24-22.13.27:080][458]LogPlayLevel: Display: Destroying online subsystem :Context_10
[2021.01.24-22.13.28:406][616]Cmd: EDCALLBACK SURFPROPS
[2021.01.24-22.13.29:265][718]LogEditorViewport: Clicking Background
[2021.01.24-22.13.32:823][143]LogEditorViewport: Clicking Background
[2021.01.24-22.13.37:961][759]LogEditorViewport: Clicking on Actor (LMB): SpotLight (SpotLight2)
[2021.01.24-22.13.41:869][220]LogEditorViewport: Clicking Background
[2021.01.24-22.13.43:111][368]LogEditorViewport: Clicking on Actor (LMB): Bp_Crystal_C (Bp_Crystal)
[2021.01.24-22.13.46:992][827]LogEditorViewport: Clicking Background
[2021.01.24-22.13.48:628][ 22]LogEditorViewport: Clicking Background
[2021.01.24-22.14.09:476][521]LogSlate: FSceneViewport::OnFocusLost() reason 2
[2021.01.24-22.14.18:481][599]LogSlate: FSceneViewport::OnFocusLost() reason 2
[2021.01.24-22.14.18:506][600]LogSlate: FSceneViewport::OnFocusLost() reason 2
[2021.01.24-22.14.19:078][667]LogSlate: FSceneViewport::OnFocusLost() reason 2
[2021.01.24-22.14.19:596][728]LogEditorViewport: Clicking Background
[2021.01.24-22.14.20:828][874]LogSlate: FSceneViewport::OnFocusLost() reason 2
[2021.01.24-22.14.20:919][874]LogSavePackage: Moving '../../../../../../Users/User/Documents/Ball-Runner/BallRunner_SCieslak/Saved/MainLevel28F2A21C431DD75ABEA7D8B32BC3B3EE.tmp' to '../../../../../../Users/User/Documents/Ball-Runner/BallRunner_SCieslak/Content/Levels/MainLevel.umap'
[2021.01.24-22.14.37:273][833]LogSlate: FSceneViewport::OnFocusLost() reason 0
[2021.01.24-22.14.40:593][841]LogSlate: Window 'Save Content' being destroyed
[2021.01.24-22.14.40:611][841]LogSlate: FSceneViewport::OnFocusLost() reason 2
[2021.01.24-22.14.40:642][841]Cmd: OBJ SAVEPACKAGE PACKAGE="/Game/Blueprints/Bp_Crystal" FILE="../../../../../../Users/User/Documents/Ball-Runner/BallRunner_SCieslak/Content/Blueprints/Bp_Crystal.uasset" SILENT=true
[2021.01.24-22.14.40:662][841]LogSavePackage: Moving '../../../../../../Users/User/Documents/Ball-Runner/BallRunner_SCieslak/Saved/Bp_Crystal49320F8F4A5B4C3DA655D9BB1B4B66C7.tmp' to '../../../../../../Users/User/Documents/Ball-Runner/BallRunner_SCieslak/Content/Blueprints/Bp_Crystal.uasset'
[2021.01.24-22.14.40:713][841]LogSlate: Window 'BallRunner_SCieslak - Unreal Editor' being destroyed
[2021.01.24-22.14.40:869][842]Cmd: QUIT_EDITOR
[2021.01.24-22.14.41:659][842]LogWindowsTextInputMethodSystem: Display: IME system now deactivated.
[2021.01.24-22.14.41:669][842]LogExit: Preparing to exit.
[2021.01.24-22.14.42:774][842]LogDirectoryWatcher: A directory notification failed for 'C:/Users/User/Documents/Ball-Runner/BallRunner_SCieslak/Content/', and we were unable to create a new request.
[2021.01.24-22.14.42:797][842]LogExit: Editor shut down
[2021.01.24-22.14.42:798][842]LogExit: Transaction tracking system shut down
[2021.01.24-22.14.43:185][842]LogExit: Object subsystem successfully closed.
[2021.01.24-22.14.43:210][842]LogShaderCompilers: Display: Shaders left to compile 0
[2021.01.24-22.14.43:212][842]LogD3D11RHI: Shutdown
[2021.01.24-22.14.43:212][842]LogD3D11RHI: CleanupD3DDevice
[2021.01.24-22.14.43:214][842]LogD3D11RHI: ~FD3D11DynamicRHI
[2021.01.24-22.14.43:238][842]LogModuleManager: Shutting down and abandoning module MovieSceneCapture (618)
[2021.01.24-22.14.43:238][842]LogModuleManager: Shutting down and abandoning module Voice (616)
[2021.01.24-22.14.43:238][842]LogModuleManager: Shutting down and abandoning module HierarchicalLODUtilities (614)
[2021.01.24-22.14.43:238][842]LogModuleManager: Shutting down and abandoning module BlueprintGraph (612)
[2021.01.24-22.14.43:238][842]LogModuleManager: Shutting down and abandoning module HierarchicalLODOutliner (610)
[2021.01.24-22.14.43:238][842]LogModuleManager: Shutting down and abandoning module SceneOutliner (608)
[2021.01.24-22.14.43:238][842]LogModuleManager: Shutting down and abandoning module AddContentDialog (606)
[2021.01.24-22.14.43:238][842]LogModuleManager: Shutting down and abandoning module WidgetCarousel (605)
[2021.01.24-22.14.43:238][842]LogModuleManager: Shutting down and abandoning module EditorWidgets (602)
[2021.01.24-22.14.43:238][842]LogModuleManager: Shutting down and abandoning module CollectionManager (600)
[2021.01.24-22.14.43:238][842]LogModuleManager: Shutting down and abandoning module StatsViewer (598)
[2021.01.24-22.14.43:238][842]LogModuleManager: Shutting down and abandoning module FoliageEdit (596)
[2021.01.24-22.14.43:238][842]LogModuleManager: Shutting down and abandoning module LandscapeEditor (594)
[2021.01.24-22.14.43:239][842]LogModuleManager: Shutting down and abandoning module MeshPaintMode (592)
[2021.01.24-22.14.43:239][842]LogModuleManager: Shutting down and abandoning module SceneDepthPickerMode (590)
[2021.01.24-22.14.43:239][842]LogModuleManager: Shutting down and abandoning module ActorPickerMode (588)
[2021.01.24-22.14.43:239][842]LogModuleManager: Shutting down and abandoning module GeometryMode (586)
[2021.01.24-22.14.43:239][842]LogModuleManager: Shutting down and abandoning module TextureAlignMode (584)
[2021.01.24-22.14.43:239][842]LogModuleManager: Shutting down and abandoning module BspMode (582)
[2021.01.24-22.14.43:239][842]LogModuleManager: Shutting down and abandoning module PIEPreviewDeviceProfileSelector (580)
[2021.01.24-22.14.43:239][842]LogModuleManager: Shutting down and abandoning module SequenceRecorderSections (578)
[2021.01.24-22.14.43:239][842]LogModuleManager: Shutting down and abandoning module AutomationWorker (576)
[2021.01.24-22.14.43:239][842]LogModuleManager: Shutting down and abandoning module AudioCaptureEditor (574)
[2021.01.24-22.14.43:239][842]LogModuleManager: Shutting down and abandoning module SequenceRecorder (573)
[2021.01.24-22.14.43:239][842]LogModuleManager: Shutting down and abandoning module MatineeToLevelSequence (570)
[2021.01.24-22.14.43:239][842]LogModuleManager: Shutting down and abandoning module LevelSequenceEditor (568)
[2021.01.24-22.14.43:239][842]LogModuleManager: Shutting down and abandoning module PlacementMode (567)
[2021.01.24-22.14.43:239][842]LogModuleManager: Shutting down and abandoning module MaterialEditor (566)
[2021.01.24-22.14.43:239][842]LogModuleManager: Shutting down and abandoning module WmfMediaFactory (562)
[2021.01.24-22.14.43:239][842]LogModuleManager: Shutting down and abandoning module WmfMediaEditor (560)
[2021.01.24-22.14.43:239][842]LogModuleManager: Shutting down and abandoning module MediaPlayerEditor (558)
[2021.01.24-22.14.43:239][842]LogModuleManager: Shutting down and abandoning module OpenExrWrapper (556)
[2021.01.24-22.14.43:239][842]LogModuleManager: Shutting down and abandoning module ImgMediaFactory (554)
[2021.01.24-22.14.43:239][842]LogModuleManager: Shutting down and abandoning module ImgMediaEditor (552)
[2021.01.24-22.14.43:239][842]LogModuleManager: Shutting down and abandoning module AvfMediaFactory (550)
[2021.01.24-22.14.43:239][842]LogModuleManager: Shutting down and abandoning module AvfMediaEditor (548)
[2021.01.24-22.14.43:239][842]LogModuleManager: Shutting down and abandoning module AndroidMediaFactory (546)
[2021.01.24-22.14.43:239][842]LogModuleManager: Shutting down and abandoning module AndroidMediaEditor (544)
[2021.01.24-22.14.43:239][842]LogModuleManager: Shutting down and abandoning module MagicLeapCameraPreviewFactory (542)
[2021.01.24-22.14.43:239][842]LogModuleManager: Shutting down and abandoning module MagicLeapMediaFactory (540)
[2021.01.24-22.14.43:239][842]LogModuleManager: Shutting down and abandoning module MagicLeapMediaEditor (538)
[2021.01.24-22.14.43:239][842]LogModuleManager: Shutting down and abandoning module CharacterAI (536)
[2021.01.24-22.14.43:239][842]LogModuleManager: Shutting down and abandoning module SmartSnapping (534)
[2021.01.24-22.14.43:239][842]LogModuleManager: Shutting down and abandoning module SessionServices (532)
[2021.01.24-22.14.43:239][842]LogModuleManager: Shutting down and abandoning module ViewportSnapping (530)
[2021.01.24-22.14.43:239][842]LogModuleManager: Shutting down and abandoning module ViewportInteraction (528)
[2021.01.24-22.14.43:239][842]LogModuleManager: Shutting down and abandoning module ClothPainter (526)
[2021.01.24-22.14.43:239][842]LogModuleManager: Shutting down and abandoning module SkeletalMeshEditor (525)
[2021.01.24-22.14.43:239][842]LogModuleManager: Shutting down and abandoning module LogVisualizer (522)
[2021.01.24-22.14.43:239][842]LogModuleManager: Shutting down and abandoning module IntroTutorials (520)
[2021.01.24-22.14.43:239][842]LogModuleManager: Shutting down and abandoning module GameProjectGeneration (519)
[2021.01.24-22.14.43:239][842]LogModuleManager: Shutting down and abandoning module LuminPlatformEditor (516)
[2021.01.24-22.14.43:239][842]LogModuleManager: Shutting down and abandoning module IOSPlatformEditor (514)
[2021.01.24-22.14.43:239][842]LogModuleManager: Shutting down and abandoning module HTML5PlatformEditor (512)
[2021.01.24-22.14.43:239][842]LogModuleManager: Shutting down and abandoning module AndroidPlatformEditor (510)
[2021.01.24-22.14.43:239][842]LogModuleManager: Shutting down and abandoning module AndroidDeviceDetection (509)
[2021.01.24-22.14.43:733][842]LogModuleManager: Shutting down and abandoning module WindowsPlatformEditor (506)
[2021.01.24-22.14.43:733][842]LogModuleManager: Shutting down and abandoning module LuminRuntimeSettings (504)
[2021.01.24-22.14.43:733][842]LogModuleManager: Shutting down and abandoning module IOSRuntimeSettings (502)
[2021.01.24-22.14.43:733][842]LogModuleManager: Shutting down and abandoning module AndroidRuntimeSettings (500)
[2021.01.24-22.14.43:733][842]LogModuleManager: Shutting down and abandoning module InputBindingEditor (498)
[2021.01.24-22.14.43:733][842]LogModuleManager: Shutting down and abandoning module MergeActors (496)
[2021.01.24-22.14.43:733][842]LogModuleManager: Shutting down and abandoning module LocalizationDashboard (494)
[2021.01.24-22.14.43:733][842]LogModuleManager: Shutting down and abandoning module LocalizationService (493)
[2021.01.24-22.14.43:733][842]LogModuleManager: Shutting down and abandoning module HardwareTargeting (490)
[2021.01.24-22.14.43:733][842]LogModuleManager: Shutting down and abandoning module DeviceProfileEditor (488)
[2021.01.24-22.14.43:733][842]LogModuleManager: Shutting down and abandoning module UndoHistory (486)
[2021.01.24-22.14.43:733][842]LogModuleManager: Shutting down and abandoning module XmlParser (484)
[2021.01.24-22.14.43:733][842]LogModuleManager: Shutting down and abandoning module Blutility (482)
[2021.01.24-22.14.43:733][842]LogModuleManager: Shutting down and abandoning module ProjectSettingsViewer (480)
[2021.01.24-22.14.43:733][842]LogModuleManager: Shutting down and abandoning module ProjectTargetPlatformEditor (479)
[2021.01.24-22.14.43:733][842]LogModuleManager: Shutting down and abandoning module EditorSettingsViewer (476)
[2021.01.24-22.14.43:734][842]LogModuleManager: Shutting down and abandoning module SettingsEditor (474)
[2021.01.24-22.14.43:734][842]LogModuleManager: Shutting down and abandoning module ProjectLauncher (472)
[2021.01.24-22.14.43:734][842]LogModuleManager: Shutting down and abandoning module SessionFrontend (470)
[2021.01.24-22.14.43:734][842]LogModuleManager: Shutting down and abandoning module ProfilerClient (468)
[2021.01.24-22.14.43:734][842]LogModuleManager: Shutting down and abandoning module DeviceManager (466)
[2021.01.24-22.14.43:734][842]LogModuleManager: Shutting down and abandoning module TargetDeviceServices (465)
[2021.01.24-22.14.43:789][842]LogModuleManager: Shutting down and abandoning module AutomationController (462)
[2021.01.24-22.14.43:789][842]LogModuleManager: Shutting down and abandoning module AutomationWindow (460)
[2021.01.24-22.14.43:789][842]LogModuleManager: Shutting down and abandoning module Layers (458)
[2021.01.24-22.14.43:789][842]LogModuleManager: Shutting down and abandoning module ComponentVisualizers (456)
[2021.01.24-22.14.43:789][842]LogModuleManager: Shutting down and abandoning module DetailCustomizations (454)
[2021.01.24-22.14.43:789][842]LogModuleManager: Shutting down and abandoning module PackagesDialog (452)
[2021.01.24-22.14.43:789][842]LogModuleManager: Shutting down and abandoning module Persona (450)
[2021.01.24-22.14.43:789][842]LogModuleManager: Shutting down and abandoning module AdvancedPreviewScene (449)
[2021.01.24-22.14.43:789][842]LogModuleManager: Shutting down and abandoning module AnimGraph (447)
[2021.01.24-22.14.43:789][842]LogModuleManager: Shutting down and abandoning module Kismet (444)
[2021.01.24-22.14.43:792][842]LogModuleManager: Shutting down and abandoning module GraphEditor (442)
[2021.01.24-22.14.43:792][842]LogModuleManager: Shutting down and abandoning module ClassViewer (440)
[2021.01.24-22.14.43:793][842]LogModuleManager: Shutting down and abandoning module Toolbox (438)
[2021.01.24-22.14.43:793][842]LogModuleManager: Shutting down and abandoning module ModuleUI (436)
[2021.01.24-22.14.43:793][842]LogModuleManager: Shutting down and abandoning module MovieSceneTools (434)
[2021.01.24-22.14.43:793][842]LogModuleManager: Shutting down and abandoning module OutputLog (432)
[2021.01.24-22.14.43:793][842]LogModuleManager: Shutting down and abandoning module GammaUI (430)
[2021.01.24-22.14.43:793][842]LogModuleManager: Shutting down and abandoning module Documentation (428)
[2021.01.24-22.14.43:793][842]LogModuleManager: Shutting down and abandoning module MovieSceneTracks (426)
[2021.01.24-22.14.43:793][842]LogModuleManager: Shutting down and abandoning module MovieScene (424)
[2021.01.24-22.14.43:793][842]LogModuleManager: Shutting down and abandoning module StreamingPauseRendering (422)
[2021.01.24-22.14.43:793][842]LogModuleManager: Shutting down and abandoning module LauncherPlatform (420)
[2021.01.24-22.14.43:793][842]LogModuleManager: Shutting down and abandoning module AnalyticsET (418)
[2021.01.24-22.14.43:793][842]LogModuleManager: Shutting down and abandoning module PortalServices (416)
[2021.01.24-22.14.43:793][842]LogModuleManager: Shutting down and abandoning module PortalRpc (414)
[2021.01.24-22.14.43:793][842]LogModuleManager: Shutting down and abandoning module MessagingRpc (412)
[2021.01.24-22.14.43:793][842]LogModuleManager: Shutting down and abandoning module AIModule (410)
[2021.01.24-22.14.43:793][842]LogModuleManager: Shutting down and abandoning module GameplayDebugger (409)
[2021.01.24-22.14.43:793][842]LogModuleManager: Shutting down and abandoning module AITestSuite (407)
[2021.01.24-22.14.43:793][842]LogModuleManager: Shutting down and abandoning module NavigationSystem (405)
[2021.01.24-22.14.43:793][842]LogModuleManager: Shutting down and abandoning module DesktopPlatform (402)
[2021.01.24-22.14.43:793][842]LogModuleManager: Shutting down and abandoning module ProfilerService (400)
[2021.01.24-22.14.43:946][842]LogModuleManager: Shutting down and abandoning module TaskGraph (398)
[2021.01.24-22.14.43:946][842]LogModuleManager: Shutting down and abandoning module SteamVRController (396)
[2021.01.24-22.14.43:946][842]LogModuleManager: Shutting down and abandoning module ProceduralMeshComponentEditor (394)
[2021.01.24-22.14.43:946][842]LogModuleManager: Shutting down and abandoning module ProceduralMeshComponent (392)
[2021.01.24-22.14.43:946][842]LogModuleManager: Shutting down and abandoning module OculusInput (390)
[2021.01.24-22.14.43:946][842]LogModuleManager: Shutting down and abandoning module MobilePatchingUtils (388)
[2021.01.24-22.14.43:946][842]LogModuleManager: Shutting down and abandoning module EditableMesh (386)
[2021.01.24-22.14.43:946][842]LogModuleManager: Shutting down and abandoning module CustomMeshComponent (384)
[2021.01.24-22.14.43:946][842]LogModuleManager: Shutting down and abandoning module CableComponent (382)
[2021.01.24-22.14.43:946][842]LogModuleManager: Shutting down and abandoning module AudioCapture (380)
[2021.01.24-22.14.43:946][842]LogModuleManager: Shutting down and abandoning module ArchVisCharacter (378)
[2021.01.24-22.14.43:946][842]LogModuleManager: Shutting down and abandoning module AndroidPermission (376)
[2021.01.24-22.14.43:946][842]LogModuleManager: Shutting down and abandoning module NUTUnrealEngine4 (374)
[2021.01.24-22.14.43:946][842]LogModuleManager: Shutting down and abandoning module NetcodeUnitTest (372)
[2021.01.24-22.14.43:946][842]LogModuleManager: Shutting down and abandoning module MediaCompositingEditor (370)
[2021.01.24-22.14.43:946][842]LogModuleManager: Shutting down and abandoning module MediaCompositing (368)
[2021.01.24-22.14.43:946][842]LogModuleManager: Shutting down and abandoning module LinearTimecode (366)
[2021.01.24-22.14.43:946][842]LogModuleManager: Shutting down and abandoning module ImgMedia (364)
[2021.01.24-22.14.43:949][842]LogModuleManager: Shutting down and abandoning module HTML5Networking (362)
[2021.01.24-22.14.43:949][842]LogModuleManager: Shutting down and abandoning module GeometryCacheTracks (360)
[2021.01.24-22.14.43:949][842]LogModuleManager: Shutting down and abandoning module GeometryCacheSequencer (358)
[2021.01.24-22.14.43:949][842]LogModuleManager: Shutting down and abandoning module BackChannel (356)
[2021.01.24-22.14.43:949][842]LogModuleManager: Shutting down and abandoning module AppleVision (354)
[2021.01.24-22.14.43:949][842]LogModuleManager: Shutting down and abandoning module AppleImageUtils (352)
[2021.01.24-22.14.43:949][842]LogModuleManager: Shutting down and abandoning module AlembicImporter (350)
[2021.01.24-22.14.43:949][842]LogModuleManager: Shutting down and abandoning module AlembicLibrary (349)
[2021.01.24-22.14.43:949][842]LogModuleManager: Shutting down and abandoning module GeometryCache (348)
[2021.01.24-22.14.43:949][842]LogModuleManager: Shutting down and abandoning module GeometryCacheEd (347)
[2021.01.24-22.14.43:949][842]LogModuleManager: Shutting down and abandoning module DatasmithContentEditor (342)
[2021.01.24-22.14.43:949][842]LogModuleManager: Shutting down and abandoning module DatasmithContent (340)
[2021.01.24-22.14.43:949][842]LogModuleManager: Shutting down and abandoning module SpeedTreeImporter (338)
[2021.01.24-22.14.43:949][842]LogModuleManager: Shutting down and abandoning module PluginBrowser (336)
[2021.01.24-22.14.43:949][842]LogModuleManager: Shutting down and abandoning module MobileLauncherProfileWizard (334)
[2021.01.24-22.14.43:949][842]LogModuleManager: Shutting down and abandoning module PolygonModeling (332)
[2021.01.24-22.14.43:949][842]LogModuleManager: Shutting down and abandoning module MeshEditor (330)
[2021.01.24-22.14.43:949][842]LogModuleManager: Shutting down and abandoning module CryptoKeysOpenSSL (328)
[2021.01.24-22.14.43:949][842]LogModuleManager: Shutting down and abandoning module CryptoKeys (326)
[2021.01.24-22.14.43:949][842]LogModuleManager: Shutting down and abandoning module VisualStudioSourceCodeAccess (324)
[2021.01.24-22.14.43:950][842]LogModuleManager: Shutting down and abandoning module VisualStudioCodeSourceCodeAccess (322)
[2021.01.24-22.14.43:950][842]LogModuleManager: Shutting down and abandoning module UObjectPlugin (320)
[2021.01.24-22.14.43:950][842]LogModuleManager: Shutting down and abandoning module SubversionSourceControl (318)
[2021.01.24-22.14.43:950][842]LogModuleManager: Shutting down and abandoning module PerforceSourceControl (316)
[2021.01.24-22.14.43:950][842]LogModuleManager: Shutting down and abandoning module GitSourceControl (314)
[2021.01.24-22.14.43:950][842]LogModuleManager: Shutting down and abandoning module SourceControl (313)
[2021.01.24-22.14.43:950][842]LogModuleManager: Shutting down and abandoning module CLionSourceCodeAccess (310)
[2021.01.24-22.14.43:950][842]LogModuleManager: Shutting down and abandoning module LightPropagationVolumeEditor (308)
[2021.01.24-22.14.43:950][842]LogModuleManager: Shutting down and abandoning module PaperTiledImporter (306)
[2021.01.24-22.14.43:950][842]LogModuleManager: Shutting down and abandoning module PaperSpriteSheetImporter (304)
[2021.01.24-22.14.43:950][842]LogModuleManager: Shutting down and abandoning module Paper2DEditor (302)
[2021.01.24-22.14.43:950][842]LogModuleManager: Shutting down and abandoning module MeshPaint (301)
[2021.01.24-22.14.43:950][842]LogModuleManager: Shutting down and abandoning module RuntimePhysXCooking (298)
[2021.01.24-22.14.43:950][842]LogModuleManager: Shutting down and abandoning module PhysXVehiclesEditor (296)
[2021.01.24-22.14.43:950][842]LogModuleManager: Shutting down and abandoning module PhysXVehicles (294)
[2021.01.24-22.14.43:950][842]LogModuleManager: Shutting down and abandoning module OculusEditor (292)
[2021.01.24-22.14.43:950][842]LogModuleManager: Shutting down and abandoning module LocationServicesBPLibrary (290)
[2021.01.24-22.14.43:950][842]LogModuleManager: Shutting down and abandoning module ImmediatePhysicsEditor (288)
[2021.01.24-22.14.43:950][842]LogModuleManager: Shutting down and abandoning module ImmediatePhysics (286)
[2021.01.24-22.14.43:950][842]LogModuleManager: Shutting down and abandoning module ActorSequence (284)
[2021.01.24-22.14.43:950][842]LogModuleManager: Shutting down and abandoning module UdpMessaging (282)
[2021.01.24-22.14.44:051][842]LogModuleManager: Shutting down and abandoning module TcpMessaging (280)
[2021.01.24-22.14.44:151][842]LogModuleManager: Shutting down and abandoning module MagicLeapAudio (278)
[2021.01.24-22.14.44:151][842]LogModuleManager: Shutting down and abandoning module GameplayTagsEditor (276)
[2021.01.24-22.14.44:151][842]LogModuleManager: Shutting down and abandoning module FacialAnimationEditor (274)
[2021.01.24-22.14.44:151][842]LogModuleManager: Shutting down and abandoning module FacialAnimation (272)
[2021.01.24-22.14.44:151][842]LogModuleManager: Shutting down and abandoning module DataValidation (270)
[2021.01.24-22.14.44:151][842]LogModuleManager: Shutting down and abandoning module AssetManagerEditor (268)
[2021.01.24-22.14.44:151][842]LogModuleManager: Shutting down and abandoning module LevelEditor (267)
[2021.01.24-22.14.44:151][842]LogModuleManager: Shutting down and abandoning module PixelInspectorModule (266)
[2021.01.24-22.14.44:151][842]LogModuleManager: Shutting down and abandoning module CommonMenuExtensions (264)
[2021.01.24-22.14.44:151][842]LogModuleManager: Shutting down and abandoning module MainFrame (262)
[2021.01.24-22.14.44:151][842]LogModuleManager: Shutting down and abandoning module HotReload (261)
[2021.01.24-22.14.44:152][842]LogModuleManager: Shutting down and abandoning module ContentBrowser (257)
[2021.01.24-22.14.44:152][842]LogModuleManager: Shutting down and abandoning module TreeMap (255)
[2021.01.24-22.14.44:152][842]LogModuleManager: Shutting down and abandoning module LightPropagationVolumeRuntime (252)
[2021.01.24-22.14.44:152][842]LogModuleManager: Shutting down and abandoning module AISupportModule (250)
[2021.01.24-22.14.44:152][842]LogModuleManager: Shutting down and abandoning module Paper2D (248)
[2021.01.24-22.14.44:152][842]LogModuleManager: Shutting down and abandoning module WindowsMoviePlayer (246)
[2021.01.24-22.14.44:152][842]LogModuleManager: Shutting down and abandoning module WmfMedia (244)
[2021.01.24-22.14.44:154][842]LogModuleManager: Shutting down and abandoning module Media (243)
[2021.01.24-22.14.44:160][842]LogModuleManager: Shutting down and abandoning module PacketHandler (240)
[2021.01.24-22.14.44:160][842]LogModuleManager: Shutting down and abandoning module ClothingSystemEditor (238)
[2021.01.24-22.14.44:160][842]LogModuleManager: Shutting down and abandoning module ClothingSystemRuntime (236)
[2021.01.24-22.14.44:160][842]LogModuleManager: Shutting down and abandoning module MediaAssets (234)
[2021.01.24-22.14.44:160][842]LogModuleManager: Shutting down and abandoning module Overlay (232)
[2021.01.24-22.14.44:160][842]LogModuleManager: Shutting down and abandoning module OverlayEditor (231)
[2021.01.24-22.14.44:160][842]LogModuleManager: Shutting down and abandoning module VREditor (228)
[2021.01.24-22.14.44:160][842]LogModuleManager: Shutting down and abandoning module StringTableEditor (226)
[2021.01.24-22.14.44:160][842]LogModuleManager: Shutting down and abandoning module GameplayTasksEditor (224)
[2021.01.24-22.14.44:160][842]LogModuleManager: Shutting down and abandoning module BehaviorTreeEditor (222)
[2021.01.24-22.14.44:160][842]LogModuleManager: Shutting down and abandoning module FunctionalTesting (220)
[2021.01.24-22.14.44:160][842]LogModuleManager: Shutting down and abandoning module CollisionAnalyzer (218)
[2021.01.24-22.14.44:160][842]LogModuleManager: Shutting down and abandoning module WorkspaceMenuStructure (217)
[2021.01.24-22.14.44:160][842]LogModuleManager: Shutting down and abandoning module UMG (214)
[2021.01.24-22.14.44:160][842]LogModuleManager: Shutting down and abandoning module UMGEditor (213)
[2021.01.24-22.14.44:160][842]LogModuleManager: Shutting down and abandoning module Sequencer (212)
[2021.01.24-22.14.44:160][842]LogModuleManager: Shutting down and abandoning module MessageLog (209)
[2021.01.24-22.14.44:160][842]LogModuleManager: Shutting down and abandoning module SlateReflector (204)
[2021.01.24-22.14.44:160][842]LogModuleManager: Shutting down and abandoning module Slate (202)
[2021.01.24-22.14.44:160][842]LogModuleManager: Shutting down and abandoning module EditorStyle (200)
[2021.01.24-22.14.44:162][842]LogModuleManager: Shutting down and abandoning module MRMesh (198)
[2021.01.24-22.14.44:162][842]LogModuleManager: Shutting down and abandoning module SourceCodeAccess (196)
[2021.01.24-22.14.44:162][842]LogModuleManager: Shutting down and abandoning module HeadMountedDisplay (194)
[2021.01.24-22.14.44:162][842]LogModuleManager: Shutting down and abandoning module XAudio2 (192)
[2021.01.24-22.14.44:162][842]LogModuleManager: Shutting down and abandoning module Networking (190)
[2021.01.24-22.14.44:162][842]LogModuleManager: Shutting down and abandoning module Core (188)
[2021.01.24-22.14.44:162][842]LogModuleManager: Shutting down and abandoning module LevelSequence (186)
[2021.01.24-22.14.44:162][842]LogModuleManager: Shutting down and abandoning module KismetCompiler (184)
[2021.01.24-22.14.44:162][842]LogModuleManager: Shutting down and abandoning module MeshUtilities (182)
[2021.01.24-22.14.44:162][842]LogModuleManager: Shutting down and abandoning module MeshMergeUtilities (181)
[2021.01.24-22.14.44:162][842]LogModuleManager: Shutting down and abandoning module MeshReductionInterface (180)
[2021.01.24-22.14.44:162][842]LogModuleManager: Shutting down and abandoning module SimplygonSwarm (179)
[2021.01.24-22.14.44:162][842]LogModuleManager: Shutting down and abandoning module ProxyLODMeshReduction (177)
[2021.01.24-22.14.44:162][842]LogModuleManager: Shutting down and abandoning module SimplygonMeshReduction (175)
[2021.01.24-22.14.44:162][842]LogModuleManager: Shutting down and abandoning module QuadricMeshReduction (173)
[2021.01.24-22.14.44:162][842]LogModuleManager: Shutting down and abandoning module MaterialBaking (169)
[2021.01.24-22.14.44:162][842]LogModuleManager: Shutting down and abandoning module DirectoryWatcher (165)
[2021.01.24-22.14.44:162][842]LogModuleManager: Shutting down and abandoning module DerivedDataCache (162)
[2021.01.24-22.14.44:234][842]LogDerivedDataCache: Shutdown
[2021.01.24-22.14.44:234][842]LogModuleManager: Shutting down and abandoning module XGEController (160)
[2021.01.24-22.14.44:234][842]LogModuleManager: Shutting down and abandoning module TargetPlatform (158)
[2021.01.24-22.14.44:234][842]LogModuleManager: Shutting down and abandoning module VulkanShaderFormat (157)
[2021.01.24-22.14.44:234][842]LogModuleManager: Shutting down and abandoning module ShaderFormatVectorVM (155)
[2021.01.24-22.14.44:234][842]LogModuleManager: Shutting down and abandoning module ShaderFormatOpenGL (153)
[2021.01.24-22.14.44:234][842]LogModuleManager: Shutting down and abandoning module ShaderFormatD3D (151)
[2021.01.24-22.14.44:234][842]LogModuleManager: Shutting down and abandoning module MetalShaderFormat (149)
[2021.01.24-22.14.44:234][842]LogModuleManager: Shutting down and abandoning module TextureFormatUncompressed (147)
[2021.01.24-22.14.44:234][842]LogModuleManager: Shutting down and abandoning module TextureFormatPVR (145)
[2021.01.24-22.14.44:234][842]LogModuleManager: Shutting down and abandoning module TextureFormatDXT (143)
[2021.01.24-22.14.44:234][842]LogModuleManager: Shutting down and abandoning module TextureFormatIntelISPCTexComp (141)
[2021.01.24-22.14.44:234][842]LogModuleManager: Shutting down and abandoning module TextureFormatASTC (139)
[2021.01.24-22.14.44:234][842]LogModuleManager: Shutting down and abandoning module ImageWrapper (138)
[2021.01.24-22.14.44:234][842]LogModuleManager: Shutting down and abandoning module TextureFormatAndroid (135)
[2021.01.24-22.14.44:234][842]LogModuleManager: Shutting down and abandoning module AudioFormatOpus (133)
[2021.01.24-22.14.44:234][842]LogModuleManager: Shutting down and abandoning module AudioFormatOgg (131)
[2021.01.24-22.14.44:234][842]LogModuleManager: Shutting down and abandoning module AudioFormatADPCM (129)
[2021.01.24-22.14.44:235][842]LogModuleManager: Shutting down and abandoning module LuminTargetPlatform (127)
[2021.01.24-22.14.44:235][842]LogModuleManager: Shutting down and abandoning module LinuxTargetPlatform (125)
[2021.01.24-22.14.44:235][842]LogModuleManager: Shutting down and abandoning module LinuxServerTargetPlatform (123)
[2021.01.24-22.14.44:235][842]LogModuleManager: Shutting down and abandoning module LinuxNoEditorTargetPlatform (121)
[2021.01.24-22.14.44:235][842]LogModuleManager: Shutting down and abandoning module LinuxClientTargetPlatform (119)
[2021.01.24-22.14.44:235][842]LogModuleManager: Shutting down and abandoning module TVOSTargetPlatform (117)
[2021.01.24-22.14.44:235][842]LogModuleManager: Shutting down and abandoning module Messaging (115)
[2021.01.24-22.14.44:235][842]LogModuleManager: Shutting down and abandoning module IOSTargetPlatform (113)
[2021.01.24-22.14.44:236][842]LogModuleManager: Shutting down and abandoning module HTML5TargetPlatform (111)
[2021.01.24-22.14.44:236][842]LogModuleManager: Shutting down and abandoning module AndroidTargetPlatform (109)
[2021.01.24-22.14.44:240][842]LogModuleManager: Shutting down and abandoning module WindowsTargetPlatform (107)
[2021.01.24-22.14.44:240][842]LogModuleManager: Shutting down and abandoning module WindowsServerTargetPlatform (105)
[2021.01.24-22.14.44:240][842]LogModuleManager: Shutting down and abandoning module WindowsNoEditorTargetPlatform (103)
[2021.01.24-22.14.44:240][842]LogModuleManager: Shutting down and abandoning module WindowsClientTargetPlatform (101)
[2021.01.24-22.14.44:241][842]LogModuleManager: Shutting down and abandoning module MacTargetPlatform (99)
[2021.01.24-22.14.44:241][842]LogModuleManager: Shutting down and abandoning module MacServerTargetPlatform (97)
[2021.01.24-22.14.44:241][842]LogModuleManager: Shutting down and abandoning module MacNoEditorTargetPlatform (95)
[2021.01.24-22.14.44:241][842]LogModuleManager: Shutting down and abandoning module MacClientTargetPlatform (93)
[2021.01.24-22.14.44:241][842]LogModuleManager: Shutting down and abandoning module AllDesktopTargetPlatform (91)
[2021.01.24-22.14.44:241][842]LogModuleManager: Shutting down and abandoning module InputCore (88)
[2021.01.24-22.14.44:241][842]LogModuleManager: Shutting down and abandoning module Settings (86)
[2021.01.24-22.14.44:241][842]LogModuleManager: Shutting down and abandoning module PhysXCooking (84)
[2021.01.24-22.14.44:241][842]LogModuleManager: Shutting down and abandoning module SteamVR (82)
[2021.01.24-22.14.44:241][842]LogModuleManager: Shutting down and abandoning module OculusHMD (80)
[2021.01.24-22.14.44:241][842]LogModuleManager: Shutting down and abandoning module ExampleDeviceProfileSelector (78)
[2021.01.24-22.14.44:241][842]LogModuleManager: Shutting down and abandoning module LauncherChunkInstaller (76)
[2021.01.24-22.14.44:241][842]LogModuleManager: Shutting down and abandoning module OnlineBlueprintSupport (74)
[2021.01.24-22.14.44:241][842]LogModuleManager: Shutting down and abandoning module OnlineSubsystem (70)
[2021.01.24-22.14.44:241][842]LogModuleManager: Shutting down and abandoning module XMPP (65)
[2021.01.24-22.14.44:241][842]LogModuleManager: Shutting down and abandoning module WebSockets (64)
[2021.01.24-22.14.44:257][842]LogModuleManager: Shutting down and abandoning module HTTP (61)
[2021.01.24-22.14.44:257][842]LogHttp: Display: Http module shutting down, but needs to wait on 1 outstanding Http requests:
[2021.01.24-22.14.44:257][842]LogHttp: Display: 	verb=[POST] url=[https://datarouter.ol.epicgames.com/datarouter/api/v1/public/data?SessionID=%7BB1B61D7E-45D9-A261-4702-868BA0C04705%7D&AppID=UEEditor.Rocket.Release&AppVersion=4.20.3-4369336%2B%2B%2BUE4%2BRelease-4.20&UserID=f65e7e1448d134ea9ca26e9da8440eb0%7C9e13dbad834d4bfca7f72d246972f56b%7Ca4bc932d-e325-40e9-a7be-84ec7a61d2b5&AppEnvironment=datacollector-binary&UploadType=eteventstream] status=Processing
[2021.01.24-22.14.44:265][842]LogModuleManager: Shutting down and abandoning module SSL (60)
[2021.01.24-22.14.44:266][842]LogModuleManager: Shutting down and abandoning module MagicLeapEmulator (56)
[2021.01.24-22.14.44:266][842]LogModuleManager: Shutting down and abandoning module MagicLeapPrivileges (54)
[2021.01.24-22.14.44:266][842]LogModuleManager: Shutting down and abandoning module MagicLeapIdentity (52)
[2021.01.24-22.14.44:266][842]LogModuleManager: Shutting down and abandoning module MagicLeapHelperVulkan (50)
[2021.01.24-22.14.44:266][842]LogModuleManager: Shutting down and abandoning module MagicLeapHelperOpenGL (48)
[2021.01.24-22.14.44:266][842]LogModuleManager: Shutting down and abandoning module MagicLeapSecureStorage (46)
[2021.01.24-22.14.44:266][842]LogModuleManager: Shutting down and abandoning module MagicLeapGestures (44)
[2021.01.24-22.14.44:266][842]LogModuleManager: Shutting down and abandoning module MagicLeapEyeTracker (42)
[2021.01.24-22.14.44:266][842]LogModuleManager: Shutting down and abandoning module MagicLeapController (40)
[2021.01.24-22.14.44:266][842]LogSlate: Slate User Destroyed.  User Index 0, Is Virtual User: 0
[2021.01.24-22.14.44:267][842]LogModuleManager: Shutting down and abandoning module MagicLeap (38)
[2021.01.24-22.14.44:267][842]LogModuleManager: Shutting down and abandoning module AnimationModifiers (36)
[2021.01.24-22.14.44:267][842]LogModuleManager: Shutting down and abandoning module PropertyEditor (35)
[2021.01.24-22.14.44:267][842]LogModuleManager: Shutting down and abandoning module AudioEditor (32)
[2021.01.24-22.14.44:267][842]LogModuleManager: Shutting down and abandoning module TextureCompressor (30)
[2021.01.24-22.14.44:267][842]LogModuleManager: Shutting down and abandoning module ShaderCore (28)
[2021.01.24-22.14.44:267][842]LogModuleManager: Shutting down and abandoning module Landscape (26)
[2021.01.24-22.14.44:267][842]LogModuleManager: Shutting down and abandoning module SlateRHIRenderer (24)
[2021.01.24-22.14.44:267][842]LogModuleManager: Shutting down and abandoning module OpenGLDrv (22)
[2021.01.24-22.14.44:267][842]LogModuleManager: Shutting down and abandoning module D3D11RHI (20)
[2021.01.24-22.14.44:267][842]LogModuleManager: Shutting down and abandoning module AnimGraphRuntime (18)
[2021.01.24-22.14.44:267][842]LogModuleManager: Shutting down and abandoning module Renderer (16)
[2021.01.24-22.14.44:267][842]LogModuleManager: Shutting down and abandoning module Engine (14)
[2021.01.24-22.14.44:267][842]LogModuleManager: Shutting down and abandoning module CoreUObject (12)
[2021.01.24-22.14.44:267][842]LogModuleManager: Shutting down and abandoning module NetworkFile (10)
[2021.01.24-22.14.44:267][842]LogModuleManager: Shutting down and abandoning module CookedIterativeFile (8)
[2021.01.24-22.14.44:267][842]LogModuleManager: Shutting down and abandoning module StreamingFile (6)
[2021.01.24-22.14.44:267][842]LogModuleManager: Shutting down and abandoning module SandboxFile (4)
[2021.01.24-22.14.44:267][842]LogModuleManager: Shutting down and abandoning module PakFile (2)
[2021.01.24-22.14.44:275][842]LogExit: Exiting.
[2021.01.24-22.14.44:288][842]Log file closed, 01/24/21 23:14:44
